Log file open, 11/03/20 12:21:39
LogInit: Display: Running engine for game: Wrath_of_Suicider
LogPlatformFile: Not using cached read wrapper
LogTaskGraph: Started task graph with 5 named threads and 23 total threads with 3 sets of task threads.
LogStats: Stats thread started at 0.231775
LogD3D11RHI: Loaded GFSDK_Aftermath_Lib.x64.dll
LogICUInternationalization: ICU TimeZone Detection - Raw Offset: -5:00, Platform Override: ''
LogPluginManager: Mounting plugin Paper2D
LogPluginManager: Mounting plugin AISupport
LogPluginManager: Mounting plugin LightPropagationVolume
LogPluginManager: Mounting plugin CameraShakePreviewer
LogPluginManager: Mounting plugin ActorLayerUtilities
LogPluginManager: Mounting plugin AnimationSharing
LogPluginManager: Mounting plugin CLionSourceCodeAccess
LogPluginManager: Mounting plugin CodeLiteSourceCodeAccess
LogPluginManager: Mounting plugin GitSourceControl
LogPluginManager: Mounting plugin KDevelopSourceCodeAccess
LogPluginManager: Mounting plugin NullSourceCodeAccess
LogPluginManager: Mounting plugin PerforceSourceControl
LogPluginManager: Mounting plugin PlasticSourceControl
LogPluginManager: Mounting plugin RiderSourceCodeAccess
LogPluginManager: Mounting plugin SubversionSourceControl
LogPluginManager: Mounting plugin UObjectPlugin
LogPluginManager: Mounting plugin VisualStudioCodeSourceCodeAccess
LogPluginManager: Mounting plugin VisualStudioSourceCodeAccess
LogPluginManager: Mounting plugin XCodeSourceCodeAccess
LogPluginManager: Mounting plugin AssetManagerEditor
LogPluginManager: Mounting plugin CryptoKeys
LogPluginManager: Mounting plugin CurveEditorTools
LogPluginManager: Mounting plugin DataValidation
LogPluginManager: Mounting plugin EditorScriptingUtilities
LogPluginManager: Mounting plugin FacialAnimation
LogPluginManager: Mounting plugin GameplayTagsEditor
LogPluginManager: Mounting plugin GeometryMode
LogPluginManager: Mounting plugin MacGraphicsSwitching
LogPluginManager: Mounting plugin MaterialAnalyzer
LogPluginManager: Mounting plugin MobileLauncherProfileWizard
LogPluginManager: Mounting plugin PluginBrowser
LogPluginManager: Mounting plugin SpeedTreeImporter
LogPluginManager: Mounting plugin DatasmithContent
LogPluginManager: Mounting plugin VariantManagerContent
LogPluginManager: Mounting plugin AlembicImporter
LogPluginManager: Mounting plugin AutomationUtils
LogPluginManager: Mounting plugin BackChannel
LogPluginManager: Mounting plugin ChaosCloth
LogPluginManager: Mounting plugin ChaosClothEditor
LogPluginManager: Mounting plugin ChaosEditor
LogPluginManager: Mounting plugin ChaosNiagara
LogPluginManager: Mounting plugin ChaosSolverPlugin
LogPluginManager: Mounting plugin CharacterAI
LogPluginManager: Mounting plugin GeometryCache
LogPluginManager: Mounting plugin GeometryCollectionPlugin
LogPluginManager: Mounting plugin GeometryProcessing
LogPluginManager: Mounting plugin PlanarCut
LogPluginManager: Mounting plugin PlatformCrypto
LogPluginManager: Mounting plugin ProxyLODPlugin
LogPluginManager: Mounting plugin SkeletalReduction
LogPluginManager: Mounting plugin Niagara
LogPluginManager: Mounting plugin MagicLeap
LogPluginManager: Mounting plugin MagicLeapLightEstimation
LogPluginManager: Mounting plugin MagicLeapMedia
LogPluginManager: Mounting plugin MagicLeapPassableWorld
LogPluginManager: Mounting plugin MLSDK
LogPluginManager: Mounting plugin AndroidMedia
LogPluginManager: Mounting plugin AvfMedia
LogPluginManager: Mounting plugin ImgMedia
LogPluginManager: Mounting plugin MediaCompositing
LogPluginManager: Mounting plugin MediaPlayerEditor
LogPluginManager: Mounting plugin WebMMedia
LogPluginManager: Mounting plugin WmfMedia
LogPluginManager: Mounting plugin MeshPainting
LogPluginManager: Mounting plugin TcpMessaging
LogPluginManager: Mounting plugin UdpMessaging
LogPluginManager: Mounting plugin ActorSequence
LogPluginManager: Mounting plugin LevelSequenceEditor
LogPluginManager: Mounting plugin MatineeToLevelSequence
LogPluginManager: Mounting plugin MovieRenderPipeline
LogPluginManager: Mounting plugin TemplateSequence
LogPluginManager: Mounting plugin NetcodeUnitTest
LogPluginManager: Mounting plugin NUTUnrealEngine4
LogPluginManager: Mounting plugin OnlineSubsystemGooglePlay
LogPluginManager: Mounting plugin OnlineSubsystemIOS
LogPluginManager: Mounting plugin OnlineSubsystem
LogPluginManager: Mounting plugin OnlineSubsystemNull
LogPluginManager: Mounting plugin OnlineSubsystemUtils
LogPluginManager: Mounting plugin LauncherChunkInstaller
LogPluginManager: Mounting plugin AndroidDeviceProfileSelector
LogPluginManager: Mounting plugin AndroidMoviePlayer
LogPluginManager: Mounting plugin AndroidPermission
LogPluginManager: Mounting plugin AppleImageUtils
LogPluginManager: Mounting plugin AppleMoviePlayer
LogPluginManager: Mounting plugin ArchVisCharacter
LogPluginManager: Mounting plugin AssetTags
LogPluginManager: Mounting plugin AudioCapture
LogPluginManager: Mounting plugin CableComponent
LogPluginManager: Mounting plugin CustomMeshComponent
LogPluginManager: Mounting plugin EditableMesh
LogPluginManager: Mounting plugin ExampleDeviceProfileSelector
LogPluginManager: Mounting plugin GoogleCloudMessaging
LogPluginManager: Mounting plugin GooglePAD
LogPluginManager: Mounting plugin IOSDeviceProfileSelector
LogPluginManager: Mounting plugin LinuxDeviceProfileSelector
LogPluginManager: Mounting plugin LocationServicesBPLibrary
LogPluginManager: Mounting plugin MobilePatchingUtils
LogPluginManager: Mounting plugin OculusVR
LogPluginManager: Mounting plugin PhysXVehicles
LogPluginManager: Mounting plugin PostSplashScreen
LogPluginManager: Mounting plugin ProceduralMeshComponent
LogPluginManager: Mounting plugin RuntimePhysXCooking
LogPluginManager: Mounting plugin SignificanceManager
LogPluginManager: Mounting plugin SoundFields
LogPluginManager: Mounting plugin SteamVR
LogPluginManager: Mounting plugin Synthesis
LogPluginManager: Mounting plugin WebMMoviePlayer
LogPluginManager: Mounting plugin WindowsMoviePlayer
LogPluginManager: Mounting plugin ScreenshotTools
LogInit: Using libcurl 7.55.1-DEV
LogInit:  - built for x86_64-pc-win32
LogInit:  - supports SSL with OpenSSL/1.1.1
LogInit:  - supports HTTP deflate (compression) using libz 1.2.8
LogInit:  - other features:
LogInit:      CURL_VERSION_SSL
LogInit:      CURL_VERSION_LIBZ
LogInit:      CURL_VERSION_IPV6
LogInit:      CURL_VERSION_ASYNCHDNS
LogInit:      CURL_VERSION_LARGEFILE
LogInit:      CURL_VERSION_IDN
LogInit:  CurlRequestOptions (configurable via config and command line):
LogInit:  - bVerifyPeer = true  - Libcurl will verify peer certificate
LogInit:  - bUseHttpProxy = false  - Libcurl will NOT use HTTP proxy
LogInit:  - bDontReuseConnections = false  - Libcurl will reuse connections
LogInit:  - MaxHostConnections = 16  - Libcurl will limit the number of connections to a host
LogInit:  - LocalHostAddr = Default
LogInit:  - BufferSize = 65536
LogOnline: OSS: Creating online subsystem instance for: NULL
LogInit: WinSock: version 1.1 (2.2), MaxSocks=32767, MaxUdp=65467
LogOnline: OSS: TryLoadSubsystemAndSetDefault: Loaded subsystem for module [NULL]
LogInit: Build: ++UE4+Release-4.25-CL-13942748
LogInit: Engine Version: 4.25.3-13942748+++UE4+Release-4.25
LogInit: Compatible Engine Version: 4.25.0-13144385+++UE4+Release-4.25
LogInit: Net CL: 13144385
LogInit: OS: Windows 10 (Release 2004) (), CPU: Intel(R) Core(TM) i7-7700HQ CPU @ 2.80GHz, GPU: Intel(R) HD Graphics 630
LogInit: Compiled (64-bit): Jul 25 2020 02:07:48
LogInit: Compiled with Visual C++: 19.24.28315.00
LogInit: Build Configuration: Development
LogInit: Branch Name: ++UE4+Release-4.25
LogInit: Command Line: 
LogInit: Base Directory: C:/Program Files/Epic Games/UE_4.25/Engine/Binaries/Win64/
LogInit: Allocator: TBB
LogInit: Installed Engine Build: 1
LogDevObjectVersion: Number of dev versions registered: 26
LogDevObjectVersion:   Dev-Blueprints (B0D832E4-1F89-4F0D-ACCF-7EB736FD4AA2): 10
LogDevObjectVersion:   Dev-Build (E1C64328-A22C-4D53-A36C-8E866417BD8C): 0
LogDevObjectVersion:   Dev-Core (375EC13C-06E4-48FB-B500-84F0262A717E): 4
LogDevObjectVersion:   Dev-Editor (E4B068ED-F494-42E9-A231-DA0B2E46BB41): 38
LogDevObjectVersion:   Dev-Framework (CFFC743F-43B0-4480-9391-14DF171D2073): 37
LogDevObjectVersion:   Dev-Mobile (B02B49B5-BB20-44E9-A304-32B752E40360): 2
LogDevObjectVersion:   Dev-Networking (A4E4105C-59A1-49B5-A7C5-40C4547EDFEE): 0
LogDevObjectVersion:   Dev-Online (39C831C9-5AE6-47DC-9A44-9C173E1C8E7C): 0
LogDevObjectVersion:   Dev-Physics (78F01B33-EBEA-4F98-B9B4-84EACCB95AA2): 4
LogDevObjectVersion:   Dev-Platform (6631380F-2D4D-43E0-8009-CF276956A95A): 0
LogDevObjectVersion:   Dev-Rendering (12F88B9F-8875-4AFC-A67C-D90C383ABD29): 43
LogDevObjectVersion:   Dev-Sequencer (7B5AE74C-D270-4C10-A958-57980B212A5A): 12
LogDevObjectVersion:   Dev-VR (D7296918-1DD6-4BDD-9DE2-64A83CC13884): 3
LogDevObjectVersion:   Dev-LoadTimes (C2A15278-BFE7-4AFE-6C17-90FF531DF755): 1
LogDevObjectVersion:   Private-Geometry (6EACA3D4-40EC-4CC1-B786-8BED09428FC5): 3
LogDevObjectVersion:   Dev-AnimPhys (29E575DD-E0A3-4627-9D10-D276232CDCEA): 17
LogDevObjectVersion:   Dev-Anim (AF43A65D-7FD3-4947-9873-3E8ED9C1BB05): 7
LogDevObjectVersion:   Dev-ReflectionCapture (6B266CEC-1EC7-4B8F-A30B-E4D90942FC07): 1
LogDevObjectVersion:   Dev-Automation (0DF73D61-A23F-47EA-B727-89E90C41499A): 1
LogDevObjectVersion:   FortniteMain (601D1886-AC64-4F84-AA16-D3DE0DEAC7D6): 31
LogDevObjectVersion:   Dev-Enterprise (9DFFBCD6-494F-0158-E221-12823C92A888): 10
LogDevObjectVersion:   Dev-Niagara (F2AED0AC-9AFE-416F-8664-AA7FFA26D6FC): 1
LogDevObjectVersion:   Dev-Destruction (174F1F0B-B4C6-45A5-B13F-2EE8D0FB917D): 10
LogDevObjectVersion:   Dev-Physics-Ext (35F94A83-E258-406C-A318-09F59610247C): 37
LogDevObjectVersion:   Dev-PhysicsMaterial-Chaos (B68FC16E-8B1B-42E2-B453-215C058844FE): 1
LogDevObjectVersion:   Dev-CineCamera (B2E18506-4273-CFC2-A54E-F4BB758BBA07): 1
LogInit: Presizing for max 25165824 objects, including 0 objects not considered by GC, pre-allocating 0 bytes for permanent pool.
LogConfig: Applying CVar settings from Section [/Script/Engine.StreamingSettings] File [C:/Users/Jacke/Documents/Unreal Projects/Wrath-of-the-Suicider/Wrath_of_Suicider/Saved/Config/Windows/Engine.ini]
LogConfig: Setting CVar [[s.MinBulkDataSizeForAsyncLoading:131072]]
LogConfig: Setting CVar [[s.AsyncLoadingThreadEnabled:0]]
LogConfig: Setting CVar [[s.EventDrivenLoaderEnabled:1]]
LogConfig: Setting CVar [[s.WarnIfTimeLimitExceeded:0]]
LogConfig: Setting CVar [[s.TimeLimitExceededMultiplier:1.5]]
LogConfig: Setting CVar [[s.TimeLimitExceededMinTime:0.005]]
LogConfig: Setting CVar [[s.UseBackgroundLevelStreaming:1]]
LogConfig: Setting CVar [[s.PriorityAsyncLoadingExtraTime:15.0]]
LogConfig: Setting CVar [[s.LevelStreamingActorsUpdateTimeLimit:5.0]]
LogConfig: Setting CVar [[s.PriorityLevelStreamingActorsUpdateExtraTime:5.0]]
LogConfig: Setting CVar [[s.LevelStreamingComponentsRegistrationGranularity:10]]
LogConfig: Setting CVar [[s.UnregisterComponentsTimeLimit:1.0]]
LogConfig: Setting CVar [[s.LevelStreamingComponentsUnregistrationGranularity:5]]
LogConfig: Setting CVar [[s.FlushStreamingOnExit:1]]
LogInit: Object subsystem initialized
LogConfig: Setting CVar [[con.DebugEarlyDefault:1]]
LogConfig: Setting CVar [[r.setres:1280x720]]
[2020.11.03-17.21.39:677][  0]LogConfig: Setting CVar [[r.VSync:0]]
[2020.11.03-17.21.39:677][  0]LogConfig: Setting CVar [[r.RHICmdBypass:0]]
[2020.11.03-17.21.39:677][  0]LogConfig: Applying CVar settings from Section [/Script/Engine.RendererSettings] File [C:/Users/Jacke/Documents/Unreal Projects/Wrath-of-the-Suicider/Wrath_of_Suicider/Saved/Config/Windows/Engine.ini]
[2020.11.03-17.21.39:677][  0]LogConfig: Setting CVar [[r.GPUCrashDebugging:0]]
[2020.11.03-17.21.39:677][  0]LogConfig: Applying CVar settings from Section [/Script/Engine.RendererOverrideSettings] File [C:/Users/Jacke/Documents/Unreal Projects/Wrath-of-the-Suicider/Wrath_of_Suicider/Saved/Config/Windows/Engine.ini]
[2020.11.03-17.21.39:677][  0]LogConfig: Applying CVar settings from Section [/Script/Engine.StreamingSettings] File [C:/Users/Jacke/Documents/Unreal Projects/Wrath-of-the-Suicider/Wrath_of_Suicider/Saved/Config/Windows/Engine.ini]
[2020.11.03-17.21.39:677][  0]LogConfig: Setting CVar [[s.MinBulkDataSizeForAsyncLoading:131072]]
[2020.11.03-17.21.39:677][  0]LogConfig: Setting CVar [[s.AsyncLoadingThreadEnabled:0]]
[2020.11.03-17.21.39:677][  0]LogConfig: Setting CVar [[s.EventDrivenLoaderEnabled:1]]
[2020.11.03-17.21.39:677][  0]LogConfig: Setting CVar [[s.WarnIfTimeLimitExceeded:0]]
[2020.11.03-17.21.39:677][  0]LogConfig: Setting CVar [[s.TimeLimitExceededMultiplier:1.5]]
[2020.11.03-17.21.39:677][  0]LogConfig: Setting CVar [[s.TimeLimitExceededMinTime:0.005]]
[2020.11.03-17.21.39:677][  0]LogConfig: Setting CVar [[s.UseBackgroundLevelStreaming:1]]
[2020.11.03-17.21.39:677][  0]LogConfig: Setting CVar [[s.PriorityAsyncLoadingExtraTime:15.0]]
[2020.11.03-17.21.39:677][  0]LogConfig: Setting CVar [[s.LevelStreamingActorsUpdateTimeLimit:5.0]]
[2020.11.03-17.21.39:677][  0]LogConfig: Setting CVar [[s.PriorityLevelStreamingActorsUpdateExtraTime:5.0]]
[2020.11.03-17.21.39:677][  0]LogConfig: Setting CVar [[s.LevelStreamingComponentsRegistrationGranularity:10]]
[2020.11.03-17.21.39:677][  0]LogConfig: Setting CVar [[s.UnregisterComponentsTimeLimit:1.0]]
[2020.11.03-17.21.39:677][  0]LogConfig: Setting CVar [[s.LevelStreamingComponentsUnregistrationGranularity:5]]
[2020.11.03-17.21.39:677][  0]LogConfig: Setting CVar [[s.FlushStreamingOnExit:1]]
[2020.11.03-17.21.39:677][  0]LogConfig: Applying CVar settings from Section [/Script/Engine.GarbageCollectionSettings] File [C:/Users/Jacke/Documents/Unreal Projects/Wrath-of-the-Suicider/Wrath_of_Suicider/Saved/Config/Windows/Engine.ini]
[2020.11.03-17.21.39:677][  0]LogConfig: Setting CVar [[gc.MaxObjectsNotConsideredByGC:1]]
[2020.11.03-17.21.39:677][  0]LogConfig: Setting CVar [[gc.SizeOfPermanentObjectPool:0]]
[2020.11.03-17.21.39:677][  0]LogConfig: Setting CVar [[gc.FlushStreamingOnGC:0]]
[2020.11.03-17.21.39:677][  0]LogConfig: Setting CVar [[gc.NumRetriesBeforeForcingGC:10]]
[2020.11.03-17.21.39:677][  0]LogConfig: Setting CVar [[gc.AllowParallelGC:1]]
[2020.11.03-17.21.39:677][  0]LogConfig: Setting CVar [[gc.TimeBetweenPurgingPendingKillObjects:61.1]]
[2020.11.03-17.21.39:677][  0]LogConfig: Setting CVar [[gc.MaxObjectsInEditor:25165824]]
[2020.11.03-17.21.39:677][  0]LogConfig: Setting CVar [[gc.IncrementalBeginDestroyEnabled:1]]
[2020.11.03-17.21.39:677][  0]LogConfig: Setting CVar [[gc.CreateGCClusters:1]]
[2020.11.03-17.21.39:677][  0]LogConfig: Setting CVar [[gc.MinGCClusterSize:5]]
[2020.11.03-17.21.39:678][  0]LogConfig: Setting CVar [[gc.ActorClusteringEnabled:0]]
[2020.11.03-17.21.39:678][  0]LogConfig: Setting CVar [[gc.BlueprintClusteringEnabled:0]]
[2020.11.03-17.21.39:678][  0]LogConfig: Setting CVar [[gc.UseDisregardForGCOnDedicatedServers:0]]
[2020.11.03-17.21.39:678][  0]LogConfig: Applying CVar settings from Section [/Script/Engine.NetworkSettings] File [C:/Users/Jacke/Documents/Unreal Projects/Wrath-of-the-Suicider/Wrath_of_Suicider/Saved/Config/Windows/Engine.ini]
[2020.11.03-17.21.39:678][  0]LogConfig: Applying CVar settings from Section [/Script/UnrealEd.CookerSettings] File [C:/Users/Jacke/Documents/Unreal Projects/Wrath-of-the-Suicider/Wrath_of_Suicider/Saved/Config/Windows/Engine.ini]
[2020.11.03-17.21.39:680][  0]LogConfig: Applying CVar settings from Section [ViewDistanceQuality@3] File [C:/Users/Jacke/Documents/Unreal Projects/Wrath-of-the-Suicider/Wrath_of_Suicider/Saved/Config/Windows/Scalability.ini]
[2020.11.03-17.21.39:680][  0]LogConfig: Setting CVar [[r.SkeletalMeshLODBias:0]]
[2020.11.03-17.21.39:680][  0]LogConfig: Setting CVar [[r.ViewDistanceScale:1.0]]
[2020.11.03-17.21.39:680][  0]LogConfig: Applying CVar settings from Section [AntiAliasingQuality@3] File [C:/Users/Jacke/Documents/Unreal Projects/Wrath-of-the-Suicider/Wrath_of_Suicider/Saved/Config/Windows/Scalability.ini]
[2020.11.03-17.21.39:680][  0]LogConfig: Setting CVar [[r.PostProcessAAQuality:4]]
[2020.11.03-17.21.39:680][  0]LogConfig: Applying CVar settings from Section [ShadowQuality@3] File [C:/Users/Jacke/Documents/Unreal Projects/Wrath-of-the-Suicider/Wrath_of_Suicider/Saved/Config/Windows/Scalability.ini]
[2020.11.03-17.21.39:680][  0]LogConfig: Setting CVar [[r.LightFunctionQuality:1]]
[2020.11.03-17.21.39:680][  0]LogConfig: Setting CVar [[r.ShadowQuality:5]]
[2020.11.03-17.21.39:680][  0]LogConfig: Setting CVar [[r.Shadow.CSM.MaxCascades:10]]
[2020.11.03-17.21.39:680][  0]LogConfig: Setting CVar [[r.Shadow.MaxResolution:2048]]
[2020.11.03-17.21.39:680][  0]LogConfig: Setting CVar [[r.Shadow.MaxCSMResolution:2048]]
[2020.11.03-17.21.39:680][  0]LogConfig: Setting CVar [[r.Shadow.RadiusThreshold:0.01]]
[2020.11.03-17.21.39:680][  0]LogConfig: Setting CVar [[r.Shadow.DistanceScale:1.0]]
[2020.11.03-17.21.39:680][  0]LogConfig: Setting CVar [[r.Shadow.CSM.TransitionScale:1.0]]
[2020.11.03-17.21.39:680][  0]LogConfig: Setting CVar [[r.Shadow.PreShadowResolutionFactor:1.0]]
[2020.11.03-17.21.39:680][  0]LogConfig: Setting CVar [[r.DistanceFieldShadowing:1]]
[2020.11.03-17.21.39:680][  0]LogConfig: Setting CVar [[r.DistanceFieldAO:1]]
[2020.11.03-17.21.39:680][  0]LogConfig: Setting CVar [[r.AOQuality:2]]
[2020.11.03-17.21.39:680][  0]LogConfig: Setting CVar [[r.VolumetricFog:1]]
[2020.11.03-17.21.39:680][  0]LogConfig: Setting CVar [[r.VolumetricFog.GridPixelSize:8]]
[2020.11.03-17.21.39:680][  0]LogConfig: Setting CVar [[r.VolumetricFog.GridSizeZ:128]]
[2020.11.03-17.21.39:680][  0]LogConfig: Setting CVar [[r.VolumetricFog.HistoryMissSupersampleCount:4]]
[2020.11.03-17.21.39:680][  0]LogConfig: Setting CVar [[r.LightMaxDrawDistanceScale:1]]
[2020.11.03-17.21.39:680][  0]LogConfig: Setting CVar [[r.CapsuleShadows:1]]
[2020.11.03-17.21.39:680][  0]LogConfig: Applying CVar settings from Section [PostProcessQuality@3] File [C:/Users/Jacke/Documents/Unreal Projects/Wrath-of-the-Suicider/Wrath_of_Suicider/Saved/Config/Windows/Scalability.ini]
[2020.11.03-17.21.39:681][  0]LogConfig: Setting CVar [[r.MotionBlurQuality:4]]
[2020.11.03-17.21.39:681][  0]LogConfig: Setting CVar [[r.AmbientOcclusionMipLevelFactor:0.4]]
[2020.11.03-17.21.39:681][  0]LogConfig: Setting CVar [[r.AmbientOcclusionMaxQuality:100]]
[2020.11.03-17.21.39:681][  0]LogConfig: Setting CVar [[r.AmbientOcclusionLevels:-1]]
[2020.11.03-17.21.39:681][  0]LogConfig: Setting CVar [[r.AmbientOcclusionRadiusScale:1.0]]
[2020.11.03-17.21.39:681][  0]LogConfig: Setting CVar [[r.DepthOfFieldQuality:2]]
[2020.11.03-17.21.39:681][  0]LogConfig: Setting CVar [[r.RenderTargetPoolMin:400]]
[2020.11.03-17.21.39:681][  0]LogConfig: Setting CVar [[r.LensFlareQuality:2]]
[2020.11.03-17.21.39:681][  0]LogConfig: Setting CVar [[r.SceneColorFringeQuality:1]]
[2020.11.03-17.21.39:681][  0]LogConfig: Setting CVar [[r.EyeAdaptationQuality:2]]
[2020.11.03-17.21.39:681][  0]LogConfig: Setting CVar [[r.BloomQuality:5]]
[2020.11.03-17.21.39:681][  0]LogConfig: Setting CVar [[r.FastBlurThreshold:100]]
[2020.11.03-17.21.39:681][  0]LogConfig: Setting CVar [[r.Upscale.Quality:3]]
[2020.11.03-17.21.39:681][  0]LogConfig: Setting CVar [[r.Tonemapper.GrainQuantization:1]]
[2020.11.03-17.21.39:681][  0]LogConfig: Setting CVar [[r.LightShaftQuality:1]]
[2020.11.03-17.21.39:681][  0]LogConfig: Setting CVar [[r.Filter.SizeScale:1]]
[2020.11.03-17.21.39:681][  0]LogConfig: Setting CVar [[r.Tonemapper.Quality:5]]
[2020.11.03-17.21.39:681][  0]LogConfig: Setting CVar [[r.DOF.Gather.AccumulatorQuality:1        ; higher gathering accumulator quality]]
[2020.11.03-17.21.39:681][  0]LogConfig: Setting CVar [[r.DOF.Gather.PostfilterMethod:1          ; Median3x3 postfilering method]]
[2020.11.03-17.21.39:681][  0]LogConfig: Setting CVar [[r.DOF.Gather.EnableBokehSettings:0       ; no bokeh simulation when gathering]]
[2020.11.03-17.21.39:681][  0]LogConfig: Setting CVar [[r.DOF.Gather.RingCount:4                 ; medium number of samples when gathering]]
[2020.11.03-17.21.39:681][  0]LogConfig: Setting CVar [[r.DOF.Scatter.ForegroundCompositing:1    ; additive foreground scattering]]
[2020.11.03-17.21.39:681][  0]LogConfig: Setting CVar [[r.DOF.Scatter.BackgroundCompositing:2    ; additive background scattering]]
[2020.11.03-17.21.39:681][  0]LogConfig: Setting CVar [[r.DOF.Scatter.EnableBokehSettings:1      ; bokeh simulation when scattering]]
[2020.11.03-17.21.39:681][  0]LogConfig: Setting CVar [[r.DOF.Scatter.MaxSpriteRatio:0.1         ; only a maximum of 10% of scattered bokeh]]
[2020.11.03-17.21.39:681][  0]LogConfig: Setting CVar [[r.DOF.Recombine.Quality:1                ; cheap slight out of focus]]
[2020.11.03-17.21.39:681][  0]LogConfig: Setting CVar [[r.DOF.Recombine.EnableBokehSettings:0    ; no bokeh simulation on slight out of focus]]
[2020.11.03-17.21.39:681][  0]LogConfig: Setting CVar [[r.DOF.TemporalAAQuality:1                ; more stable temporal accumulation]]
[2020.11.03-17.21.39:681][  0]LogConfig: Setting CVar [[r.DOF.Kernel.MaxForegroundRadius:0.025]]
[2020.11.03-17.21.39:681][  0]LogConfig: Setting CVar [[r.DOF.Kernel.MaxBackgroundRadius:0.025]]
[2020.11.03-17.21.39:681][  0]LogConfig: Applying CVar settings from Section [TextureQuality@3] File [C:/Users/Jacke/Documents/Unreal Projects/Wrath-of-the-Suicider/Wrath_of_Suicider/Saved/Config/Windows/Scalability.ini]
[2020.11.03-17.21.39:681][  0]LogConfig: Setting CVar [[r.Streaming.MipBias:0]]
[2020.11.03-17.21.39:681][  0]LogConfig: Setting CVar [[r.Streaming.AmortizeCPUToGPUCopy:0]]
[2020.11.03-17.21.39:681][  0]LogConfig: Setting CVar [[r.Streaming.MaxNumTexturesToStreamPerFrame:0]]
[2020.11.03-17.21.39:681][  0]LogConfig: Setting CVar [[r.Streaming.Boost:1]]
[2020.11.03-17.21.39:681][  0]LogConfig: Setting CVar [[r.MaxAnisotropy:8]]
[2020.11.03-17.21.39:681][  0]LogConfig: Setting CVar [[r.VT.MaxAnisotropy:8]]
[2020.11.03-17.21.39:681][  0]LogConfig: Setting CVar [[r.Streaming.LimitPoolSizeToVRAM:0]]
[2020.11.03-17.21.39:681][  0]LogConfig: Setting CVar [[r.Streaming.PoolSize:1000]]
[2020.11.03-17.21.39:681][  0]LogConfig: Setting CVar [[r.Streaming.MaxEffectiveScreenSize:0]]
[2020.11.03-17.21.39:681][  0]LogConfig: Applying CVar settings from Section [EffectsQuality@3] File [C:/Users/Jacke/Documents/Unreal Projects/Wrath-of-the-Suicider/Wrath_of_Suicider/Saved/Config/Windows/Scalability.ini]
[2020.11.03-17.21.39:681][  0]LogConfig: Setting CVar [[r.TranslucencyLightingVolumeDim:64]]
[2020.11.03-17.21.39:681][  0]LogConfig: Setting CVar [[r.RefractionQuality:2]]
[2020.11.03-17.21.39:681][  0]LogConfig: Setting CVar [[r.SSR.Quality:3]]
[2020.11.03-17.21.39:681][  0]LogConfig: Setting CVar [[r.SSR.HalfResSceneColor:0]]
[2020.11.03-17.21.39:681][  0]LogConfig: Setting CVar [[r.SceneColorFormat:4]]
[2020.11.03-17.21.39:681][  0]LogConfig: Setting CVar [[r.DetailMode:2]]
[2020.11.03-17.21.39:681][  0]LogConfig: Setting CVar [[r.TranslucencyVolumeBlur:1]]
[2020.11.03-17.21.39:681][  0]LogConfig: Setting CVar [[r.MaterialQualityLevel:1 ; High quality]]
[2020.11.03-17.21.39:681][  0]LogConfig: Setting CVar [[r.SSS.Scale:1]]
[2020.11.03-17.21.39:681][  0]LogConfig: Setting CVar [[r.SSS.SampleSet:2]]
[2020.11.03-17.21.39:681][  0]LogConfig: Setting CVar [[r.SSS.Quality:1]]
[2020.11.03-17.21.39:681][  0]LogConfig: Setting CVar [[r.SSS.HalfRes:0]]
[2020.11.03-17.21.39:681][  0]LogConfig: Setting CVar [[r.SSGI.Quality:3]]
[2020.11.03-17.21.39:681][  0]LogConfig: Setting CVar [[r.EmitterSpawnRateScale:1.0]]
[2020.11.03-17.21.39:681][  0]LogConfig: Setting CVar [[r.ParticleLightQuality:2]]
[2020.11.03-17.21.39:681][  0]LogConfig: Setting CVar [[r.SkyAtmosphere.AerialPerspectiveLUT.FastApplyOnOpaque:1 ; Always have FastSkyLUT 1 in this case to avoid wrong sky]]
[2020.11.03-17.21.39:681][  0]LogConfig: Setting CVar [[r.SkyAtmosphere.AerialPerspectiveLUT.SampleCountPerSlice:1]]
[2020.11.03-17.21.39:681][  0]LogConfig: Setting CVar [[r.SkyAtmosphere.AerialPerspectiveLUT.DepthResolution:16.0]]
[2020.11.03-17.21.39:681][  0]LogConfig: Setting CVar [[r.SkyAtmosphere.FastSkyLUT:1]]
[2020.11.03-17.21.39:681][  0]LogConfig: Setting CVar [[r.SkyAtmosphere.FastSkyLUT.SampleCountMin:4.0]]
[2020.11.03-17.21.39:681][  0]LogConfig: Setting CVar [[r.SkyAtmosphere.FastSkyLUT.SampleCountMax:32.0]]
[2020.11.03-17.21.39:681][  0]LogConfig: Setting CVar [[r.SkyAtmosphere.SampleCountMin:4.0]]
[2020.11.03-17.21.39:681][  0]LogConfig: Setting CVar [[r.SkyAtmosphere.SampleCountMax:32.0]]
[2020.11.03-17.21.39:681][  0]LogConfig: Setting CVar [[r.SkyAtmosphere.TransmittanceLUT.UseSmallFormat:0]]
[2020.11.03-17.21.39:681][  0]LogConfig: Setting CVar [[r.SkyAtmosphere.TransmittanceLUT.SampleCount:10.0]]
[2020.11.03-17.21.39:681][  0]LogConfig: Setting CVar [[r.SkyAtmosphere.MultiScatteringLUT.SampleCount:15.0]]
[2020.11.03-17.21.39:681][  0]LogConfig: Applying CVar settings from Section [FoliageQuality@3] File [C:/Users/Jacke/Documents/Unreal Projects/Wrath-of-the-Suicider/Wrath_of_Suicider/Saved/Config/Windows/Scalability.ini]
[2020.11.03-17.21.39:681][  0]LogConfig: Setting CVar [[foliage.DensityScale:1.0]]
[2020.11.03-17.21.39:681][  0]LogConfig: Setting CVar [[grass.DensityScale:1.0]]
[2020.11.03-17.21.39:681][  0]LogConfig: Applying CVar settings from Section [ShadingQuality@3] File [C:/Users/Jacke/Documents/Unreal Projects/Wrath-of-the-Suicider/Wrath_of_Suicider/Saved/Config/Windows/Scalability.ini]
[2020.11.03-17.21.39:681][  0]LogConfig: Setting CVar [[r.HairStrands.SkyLighting.SampleCount:16]]
[2020.11.03-17.21.39:681][  0]LogConfig: Setting CVar [[r.HairStrands.SkyLighting.JitterIntegration:0]]
[2020.11.03-17.21.39:681][  0]LogConfig: Setting CVar [[r.HairStrands.SkyAO.SampleCount:16]]
[2020.11.03-17.21.39:681][  0]LogConfig: Setting CVar [[r.HairStrands.DeepShadow.SuperSampling:0]]
[2020.11.03-17.21.39:681][  0]LogConfig: Setting CVar [[r.HairStrands.VisibilityPPLL:0]]
[2020.11.03-17.21.39:681][  0]LogConfig: Setting CVar [[r.HairStrands.RasterizationScale:0.5]]
[2020.11.03-17.21.39:681][  0]LogConfig: Setting CVar [[r.HairStrands.VelocityRasterizationScale:1]]
[2020.11.03-17.21.39:682][  0]LogInit: Selected Device Profile: [Windows]
[2020.11.03-17.21.39:682][  0]LogInit: Applying CVar settings loaded from the selected device profile: [Windows]
[2020.11.03-17.21.39:682][  0]LogHAL: Display: Platform has ~ 8 GB [8469581824 / 8589934592 / 8], which maps to Default [LargestMinGB=32, LargerMinGB=12, DefaultMinGB=8, SmallerMinGB=6, SmallestMinGB=0)
[2020.11.03-17.21.39:682][  0]LogInit: Going up to parent DeviceProfile []
[2020.11.03-17.21.39:682][  0]LogConfig: Applying CVar settings from Section [ViewDistanceQuality@3] File [C:/Users/Jacke/Documents/Unreal Projects/Wrath-of-the-Suicider/Wrath_of_Suicider/Saved/Config/Windows/Scalability.ini]
[2020.11.03-17.21.39:682][  0]LogConfig: Setting CVar [[r.SkeletalMeshLODBias:0]]
[2020.11.03-17.21.39:682][  0]LogConfig: Setting CVar [[r.ViewDistanceScale:1.0]]
[2020.11.03-17.21.39:682][  0]LogConfig: Applying CVar settings from Section [AntiAliasingQuality@3] File [C:/Users/Jacke/Documents/Unreal Projects/Wrath-of-the-Suicider/Wrath_of_Suicider/Saved/Config/Windows/Scalability.ini]
[2020.11.03-17.21.39:682][  0]LogConfig: Setting CVar [[r.PostProcessAAQuality:4]]
[2020.11.03-17.21.39:682][  0]LogConfig: Applying CVar settings from Section [ShadowQuality@3] File [C:/Users/Jacke/Documents/Unreal Projects/Wrath-of-the-Suicider/Wrath_of_Suicider/Saved/Config/Windows/Scalability.ini]
[2020.11.03-17.21.39:682][  0]LogConfig: Setting CVar [[r.LightFunctionQuality:1]]
[2020.11.03-17.21.39:682][  0]LogConfig: Setting CVar [[r.ShadowQuality:5]]
[2020.11.03-17.21.39:682][  0]LogConfig: Setting CVar [[r.Shadow.CSM.MaxCascades:10]]
[2020.11.03-17.21.39:682][  0]LogConfig: Setting CVar [[r.Shadow.MaxResolution:2048]]
[2020.11.03-17.21.39:682][  0]LogConfig: Setting CVar [[r.Shadow.MaxCSMResolution:2048]]
[2020.11.03-17.21.39:682][  0]LogConfig: Setting CVar [[r.Shadow.RadiusThreshold:0.01]]
[2020.11.03-17.21.39:682][  0]LogConfig: Setting CVar [[r.Shadow.DistanceScale:1.0]]
[2020.11.03-17.21.39:682][  0]LogConfig: Setting CVar [[r.Shadow.CSM.TransitionScale:1.0]]
[2020.11.03-17.21.39:682][  0]LogConfig: Setting CVar [[r.Shadow.PreShadowResolutionFactor:1.0]]
[2020.11.03-17.21.39:682][  0]LogConfig: Setting CVar [[r.DistanceFieldShadowing:1]]
[2020.11.03-17.21.39:682][  0]LogConfig: Setting CVar [[r.DistanceFieldAO:1]]
[2020.11.03-17.21.39:682][  0]LogConfig: Setting CVar [[r.AOQuality:2]]
[2020.11.03-17.21.39:682][  0]LogConfig: Setting CVar [[r.VolumetricFog:1]]
[2020.11.03-17.21.39:682][  0]LogConfig: Setting CVar [[r.VolumetricFog.GridPixelSize:8]]
[2020.11.03-17.21.39:682][  0]LogConfig: Setting CVar [[r.VolumetricFog.GridSizeZ:128]]
[2020.11.03-17.21.39:682][  0]LogConfig: Setting CVar [[r.VolumetricFog.HistoryMissSupersampleCount:4]]
[2020.11.03-17.21.39:682][  0]LogConfig: Setting CVar [[r.LightMaxDrawDistanceScale:1]]
[2020.11.03-17.21.39:682][  0]LogConfig: Setting CVar [[r.CapsuleShadows:1]]
[2020.11.03-17.21.39:682][  0]LogConfig: Applying CVar settings from Section [PostProcessQuality@3] File [C:/Users/Jacke/Documents/Unreal Projects/Wrath-of-the-Suicider/Wrath_of_Suicider/Saved/Config/Windows/Scalability.ini]
[2020.11.03-17.21.39:682][  0]LogConfig: Setting CVar [[r.MotionBlurQuality:4]]
[2020.11.03-17.21.39:682][  0]LogConfig: Setting CVar [[r.AmbientOcclusionMipLevelFactor:0.4]]
[2020.11.03-17.21.39:682][  0]LogConfig: Setting CVar [[r.AmbientOcclusionMaxQuality:100]]
[2020.11.03-17.21.39:682][  0]LogConfig: Setting CVar [[r.AmbientOcclusionLevels:-1]]
[2020.11.03-17.21.39:682][  0]LogConfig: Setting CVar [[r.AmbientOcclusionRadiusScale:1.0]]
[2020.11.03-17.21.39:682][  0]LogConfig: Setting CVar [[r.DepthOfFieldQuality:2]]
[2020.11.03-17.21.39:682][  0]LogConfig: Setting CVar [[r.RenderTargetPoolMin:400]]
[2020.11.03-17.21.39:682][  0]LogConfig: Setting CVar [[r.LensFlareQuality:2]]
[2020.11.03-17.21.39:682][  0]LogConfig: Setting CVar [[r.SceneColorFringeQuality:1]]
[2020.11.03-17.21.39:682][  0]LogConfig: Setting CVar [[r.EyeAdaptationQuality:2]]
[2020.11.03-17.21.39:682][  0]LogConfig: Setting CVar [[r.BloomQuality:5]]
[2020.11.03-17.21.39:682][  0]LogConfig: Setting CVar [[r.FastBlurThreshold:100]]
[2020.11.03-17.21.39:682][  0]LogConfig: Setting CVar [[r.Upscale.Quality:3]]
[2020.11.03-17.21.39:682][  0]LogConfig: Setting CVar [[r.Tonemapper.GrainQuantization:1]]
[2020.11.03-17.21.39:682][  0]LogConfig: Setting CVar [[r.LightShaftQuality:1]]
[2020.11.03-17.21.39:682][  0]LogConfig: Setting CVar [[r.Filter.SizeScale:1]]
[2020.11.03-17.21.39:682][  0]LogConfig: Setting CVar [[r.Tonemapper.Quality:5]]
[2020.11.03-17.21.39:682][  0]LogConfig: Setting CVar [[r.DOF.Gather.AccumulatorQuality:1        ; higher gathering accumulator quality]]
[2020.11.03-17.21.39:682][  0]LogConfig: Setting CVar [[r.DOF.Gather.PostfilterMethod:1          ; Median3x3 postfilering method]]
[2020.11.03-17.21.39:682][  0]LogConfig: Setting CVar [[r.DOF.Gather.EnableBokehSettings:0       ; no bokeh simulation when gathering]]
[2020.11.03-17.21.39:682][  0]LogConfig: Setting CVar [[r.DOF.Gather.RingCount:4                 ; medium number of samples when gathering]]
[2020.11.03-17.21.39:682][  0]LogConfig: Setting CVar [[r.DOF.Scatter.ForegroundCompositing:1    ; additive foreground scattering]]
[2020.11.03-17.21.39:682][  0]LogConfig: Setting CVar [[r.DOF.Scatter.BackgroundCompositing:2    ; additive background scattering]]
[2020.11.03-17.21.39:682][  0]LogConfig: Setting CVar [[r.DOF.Scatter.EnableBokehSettings:1      ; bokeh simulation when scattering]]
[2020.11.03-17.21.39:682][  0]LogConfig: Setting CVar [[r.DOF.Scatter.MaxSpriteRatio:0.1         ; only a maximum of 10% of scattered bokeh]]
[2020.11.03-17.21.39:682][  0]LogConfig: Setting CVar [[r.DOF.Recombine.Quality:1                ; cheap slight out of focus]]
[2020.11.03-17.21.39:682][  0]LogConfig: Setting CVar [[r.DOF.Recombine.EnableBokehSettings:0    ; no bokeh simulation on slight out of focus]]
[2020.11.03-17.21.39:682][  0]LogConfig: Setting CVar [[r.DOF.TemporalAAQuality:1                ; more stable temporal accumulation]]
[2020.11.03-17.21.39:682][  0]LogConfig: Setting CVar [[r.DOF.Kernel.MaxForegroundRadius:0.025]]
[2020.11.03-17.21.39:682][  0]LogConfig: Setting CVar [[r.DOF.Kernel.MaxBackgroundRadius:0.025]]
[2020.11.03-17.21.39:682][  0]LogConfig: Applying CVar settings from Section [TextureQuality@3] File [C:/Users/Jacke/Documents/Unreal Projects/Wrath-of-the-Suicider/Wrath_of_Suicider/Saved/Config/Windows/Scalability.ini]
[2020.11.03-17.21.39:682][  0]LogConfig: Setting CVar [[r.Streaming.MipBias:0]]
[2020.11.03-17.21.39:682][  0]LogConfig: Setting CVar [[r.Streaming.AmortizeCPUToGPUCopy:0]]
[2020.11.03-17.21.39:682][  0]LogConfig: Setting CVar [[r.Streaming.MaxNumTexturesToStreamPerFrame:0]]
[2020.11.03-17.21.39:682][  0]LogConfig: Setting CVar [[r.Streaming.Boost:1]]
[2020.11.03-17.21.39:682][  0]LogConfig: Setting CVar [[r.MaxAnisotropy:8]]
[2020.11.03-17.21.39:682][  0]LogConfig: Setting CVar [[r.VT.MaxAnisotropy:8]]
[2020.11.03-17.21.39:683][  0]LogConfig: Setting CVar [[r.Streaming.LimitPoolSizeToVRAM:0]]
[2020.11.03-17.21.39:683][  0]LogConfig: Setting CVar [[r.Streaming.PoolSize:1000]]
[2020.11.03-17.21.39:683][  0]LogConfig: Setting CVar [[r.Streaming.MaxEffectiveScreenSize:0]]
[2020.11.03-17.21.39:683][  0]LogConfig: Applying CVar settings from Section [EffectsQuality@3] File [C:/Users/Jacke/Documents/Unreal Projects/Wrath-of-the-Suicider/Wrath_of_Suicider/Saved/Config/Windows/Scalability.ini]
[2020.11.03-17.21.39:683][  0]LogConfig: Setting CVar [[r.TranslucencyLightingVolumeDim:64]]
[2020.11.03-17.21.39:683][  0]LogConfig: Setting CVar [[r.RefractionQuality:2]]
[2020.11.03-17.21.39:683][  0]LogConfig: Setting CVar [[r.SSR.Quality:3]]
[2020.11.03-17.21.39:683][  0]LogConfig: Setting CVar [[r.SSR.HalfResSceneColor:0]]
[2020.11.03-17.21.39:683][  0]LogConfig: Setting CVar [[r.SceneColorFormat:4]]
[2020.11.03-17.21.39:683][  0]LogConfig: Setting CVar [[r.DetailMode:2]]
[2020.11.03-17.21.39:683][  0]LogConfig: Setting CVar [[r.TranslucencyVolumeBlur:1]]
[2020.11.03-17.21.39:683][  0]LogConfig: Setting CVar [[r.MaterialQualityLevel:1 ; High quality]]
[2020.11.03-17.21.39:683][  0]LogConfig: Setting CVar [[r.SSS.Scale:1]]
[2020.11.03-17.21.39:683][  0]LogConfig: Setting CVar [[r.SSS.SampleSet:2]]
[2020.11.03-17.21.39:683][  0]LogConfig: Setting CVar [[r.SSS.Quality:1]]
[2020.11.03-17.21.39:683][  0]LogConfig: Setting CVar [[r.SSS.HalfRes:0]]
[2020.11.03-17.21.39:683][  0]LogConfig: Setting CVar [[r.SSGI.Quality:3]]
[2020.11.03-17.21.39:683][  0]LogConfig: Setting CVar [[r.EmitterSpawnRateScale:1.0]]
[2020.11.03-17.21.39:683][  0]LogConfig: Setting CVar [[r.ParticleLightQuality:2]]
[2020.11.03-17.21.39:683][  0]LogConfig: Setting CVar [[r.SkyAtmosphere.AerialPerspectiveLUT.FastApplyOnOpaque:1 ; Always have FastSkyLUT 1 in this case to avoid wrong sky]]
[2020.11.03-17.21.39:683][  0]LogConfig: Setting CVar [[r.SkyAtmosphere.AerialPerspectiveLUT.SampleCountPerSlice:1]]
[2020.11.03-17.21.39:683][  0]LogConfig: Setting CVar [[r.SkyAtmosphere.AerialPerspectiveLUT.DepthResolution:16.0]]
[2020.11.03-17.21.39:683][  0]LogConfig: Setting CVar [[r.SkyAtmosphere.FastSkyLUT:1]]
[2020.11.03-17.21.39:683][  0]LogConfig: Setting CVar [[r.SkyAtmosphere.FastSkyLUT.SampleCountMin:4.0]]
[2020.11.03-17.21.39:683][  0]LogConfig: Setting CVar [[r.SkyAtmosphere.FastSkyLUT.SampleCountMax:32.0]]
[2020.11.03-17.21.39:683][  0]LogConfig: Setting CVar [[r.SkyAtmosphere.SampleCountMin:4.0]]
[2020.11.03-17.21.39:683][  0]LogConfig: Setting CVar [[r.SkyAtmosphere.SampleCountMax:32.0]]
[2020.11.03-17.21.39:683][  0]LogConfig: Setting CVar [[r.SkyAtmosphere.TransmittanceLUT.UseSmallFormat:0]]
[2020.11.03-17.21.39:683][  0]LogConfig: Setting CVar [[r.SkyAtmosphere.TransmittanceLUT.SampleCount:10.0]]
[2020.11.03-17.21.39:683][  0]LogConfig: Setting CVar [[r.SkyAtmosphere.MultiScatteringLUT.SampleCount:15.0]]
[2020.11.03-17.21.39:683][  0]LogConfig: Applying CVar settings from Section [FoliageQuality@3] File [C:/Users/Jacke/Documents/Unreal Projects/Wrath-of-the-Suicider/Wrath_of_Suicider/Saved/Config/Windows/Scalability.ini]
[2020.11.03-17.21.39:683][  0]LogConfig: Setting CVar [[foliage.DensityScale:1.0]]
[2020.11.03-17.21.39:683][  0]LogConfig: Setting CVar [[grass.DensityScale:1.0]]
[2020.11.03-17.21.39:683][  0]LogConfig: Applying CVar settings from Section [ShadingQuality@3] File [C:/Users/Jacke/Documents/Unreal Projects/Wrath-of-the-Suicider/Wrath_of_Suicider/Saved/Config/Windows/Scalability.ini]
[2020.11.03-17.21.39:683][  0]LogConfig: Setting CVar [[r.HairStrands.SkyLighting.SampleCount:16]]
[2020.11.03-17.21.39:683][  0]LogConfig: Setting CVar [[r.HairStrands.SkyLighting.JitterIntegration:0]]
[2020.11.03-17.21.39:683][  0]LogConfig: Setting CVar [[r.HairStrands.SkyAO.SampleCount:16]]
[2020.11.03-17.21.39:683][  0]LogConfig: Setting CVar [[r.HairStrands.DeepShadow.SuperSampling:0]]
[2020.11.03-17.21.39:683][  0]LogConfig: Setting CVar [[r.HairStrands.VisibilityPPLL:0]]
[2020.11.03-17.21.39:683][  0]LogConfig: Setting CVar [[r.HairStrands.RasterizationScale:0.5]]
[2020.11.03-17.21.39:683][  0]LogConfig: Setting CVar [[r.HairStrands.VelocityRasterizationScale:1]]
[2020.11.03-17.21.39:683][  0]LogConfig: Applying CVar settings from Section [Startup] File [../../../Engine/Config/ConsoleVariables.ini]
[2020.11.03-17.21.39:683][  0]LogConfig: Setting CVar [[net.UseAdaptiveNetUpdateFrequency:0]]
[2020.11.03-17.21.39:683][  0]LogConfig: Setting CVar [[p.chaos.AllowCreatePhysxBodies:1]]
[2020.11.03-17.21.39:683][  0]LogConfig: Setting CVar [[fx.SkipVectorVMBackendOptimizations:1]]
[2020.11.03-17.21.39:683][  0]LogConfig: Applying CVar settings from Section [ConsoleVariables] File [C:/Users/Jacke/Documents/Unreal Projects/Wrath-of-the-Suicider/Wrath_of_Suicider/Saved/Config/Windows/Engine.ini]
[2020.11.03-17.21.39:683][  0]LogInit: Computer: LAPTOP-5DLG4QMH
[2020.11.03-17.21.39:683][  0]LogInit: User: Jacke
[2020.11.03-17.21.39:683][  0]LogInit: CPU Page size=4096, Cores=4
[2020.11.03-17.21.39:683][  0]LogInit: High frequency timer resolution =10.000000 MHz
[2020.11.03-17.21.39:684][  0]LogMemory: Memory total: Physical=7.9GB (8GB approx)
[2020.11.03-17.21.39:684][  0]LogMemory: Platform Memory Stats for Windows
[2020.11.03-17.21.39:684][  0]LogMemory: Process Physical Memory: 114.21 MB used, 114.22 MB peak
[2020.11.03-17.21.39:684][  0]LogMemory: Process Virtual Memory: 96.02 MB used, 96.02 MB peak
[2020.11.03-17.21.39:684][  0]LogMemory: Physical Memory: 5494.11 MB used,  2583.11 MB free, 8077.22 MB total
[2020.11.03-17.21.39:684][  0]LogMemory: Virtual Memory: 5144.86 MB used,  134212584.00 MB free, 134217728.00 MB total
[2020.11.03-17.21.39:690][  0]LogWindows: WindowsPlatformFeatures enabled
[2020.11.03-17.21.39:746][  0]LogInit: Physics initialised using underlying interface: PhysX
[2020.11.03-17.21.39:747][  0]LogInit: Using OS detected language (en-US).
[2020.11.03-17.21.39:747][  0]LogInit: Using OS detected locale (en-US).
[2020.11.03-17.21.39:750][  0]LogTextLocalizationManager: No specific localization for 'en-US' exists, so the 'en' localization will be used.
[2020.11.03-17.21.39:931][  0]LogInit: Setting process to per monitor DPI aware
[2020.11.03-17.21.39:982][  0]LogSlate: New Slate User Created.  User Index 0, Is Virtual User: 0
[2020.11.03-17.21.39:982][  0]LogSlate: Slate User Registered.  User Index 0, Is Virtual User: 0
[2020.11.03-17.21.40:186][  0]LogHMD: Failed to initialize OpenVR with code 110
[2020.11.03-17.21.40:186][  0]LogD3D11RHI: D3D11 min allowed feature level: 11_0
[2020.11.03-17.21.40:186][  0]LogD3D11RHI: D3D11 max allowed feature level: 11_0
[2020.11.03-17.21.40:186][  0]LogD3D11RHI: D3D11 adapters:
[2020.11.03-17.21.41:209][  0]LogD3D11RHI:    0. 'NVIDIA GeForce GTX 1050' (Feature Level 11_0)
[2020.11.03-17.21.41:209][  0]LogD3D11RHI:       4019/0/4038 MB DedicatedVideo/DedicatedSystem/SharedSystem, Outputs:1, VendorId:0x10de
[2020.11.03-17.21.41:227][  0]LogD3D11RHI:    1. 'Intel(R) HD Graphics 630' (Feature Level 11_0)
[2020.11.03-17.21.41:227][  0]LogD3D11RHI:       128/0/4038 MB DedicatedVideo/DedicatedSystem/SharedSystem, Outputs:0, VendorId:0x8086
[2020.11.03-17.21.41:229][  0]LogD3D11RHI:    2. 'Microsoft Basic Render Driver' (Feature Level 11_0)
[2020.11.03-17.21.41:230][  0]LogD3D11RHI:       0/0/4038 MB DedicatedVideo/DedicatedSystem/SharedSystem, Outputs:0, VendorId:0x1414
[2020.11.03-17.21.41:230][  0]LogD3D11RHI: Chosen D3D11 Adapter: 0
[2020.11.03-17.21.41:236][  0]LogD3D11RHI: Creating new Direct3DDevice
[2020.11.03-17.21.41:236][  0]LogD3D11RHI:     GPU DeviceId: 0x1c8d (for the marketing name, search the web for "GPU Device Id")
[2020.11.03-17.21.41:236][  0]LogWindows: EnumDisplayDevices:
[2020.11.03-17.21.41:236][  0]LogWindows:    0. 'Intel(R) HD Graphics 630' (P:1 D:1)
[2020.11.03-17.21.41:236][  0]LogWindows:    1. 'Intel(R) HD Graphics 630' (P:0 D:0)
[2020.11.03-17.21.41:236][  0]LogWindows:    2. 'Intel(R) HD Graphics 630' (P:0 D:0)
[2020.11.03-17.21.41:237][  0]LogWindows:    3. 'NVIDIA GeForce GTX 1050' (P:0 D:0)
[2020.11.03-17.21.41:237][  0]LogWindows: DebugString: PrimaryIsNotTheChoosenAdapter PrimaryIsNotTheChoosenAdapter PrimaryIsNotTheChoosenAdapter 
[2020.11.03-17.21.41:237][  0]LogD3D11RHI:     Adapter Name: NVIDIA GeForce GTX 1050
[2020.11.03-17.21.41:237][  0]LogD3D11RHI:   Driver Version: 456.38 (internal:27.21.14.5638, unified:456.38)
[2020.11.03-17.21.41:237][  0]LogD3D11RHI:      Driver Date: 9-14-2020
[2020.11.03-17.21.41:237][  0]LogRHI: Texture pool is 2813 MB (70% of 4019 MB)
[2020.11.03-17.21.41:299][  0]LogD3D11RHI: RHI has support for 64 bit atomics
[2020.11.03-17.21.41:304][  0]LogD3D11RHI: [Aftermath] Enabled and primed
[2020.11.03-17.21.41:304][  0]LogD3D11RHI: Async texture creation enabled
[2020.11.03-17.21.41:304][  0]LogD3D11RHI: Array index from any shader is supported
[2020.11.03-17.21.41:335][  0]LogD3D11RHI: GPU Timing Frequency: 1000.000000 (Debug: 2 1)
[2020.11.03-17.21.41:886][  0]LogTargetPlatformManager: Display: Loaded TargetPlatform 'AllDesktop'
[2020.11.03-17.21.41:908][  0]LogTargetPlatformManager: Display: Loaded TargetPlatform 'Android'
[2020.11.03-17.21.41:908][  0]LogTargetPlatformManager: Display: Loaded TargetPlatform 'Android_ASTC'
[2020.11.03-17.21.41:908][  0]LogTargetPlatformManager: Display: Loaded TargetPlatform 'Android_DXT'
[2020.11.03-17.21.41:908][  0]LogTargetPlatformManager: Display: Loaded TargetPlatform 'Android_ETC2'
[2020.11.03-17.21.41:908][  0]LogTargetPlatformManager: Display: Loaded TargetPlatform 'AndroidClient'
[2020.11.03-17.21.41:908][  0]LogTargetPlatformManager: Display: Loaded TargetPlatform 'Android_ASTCClient'
[2020.11.03-17.21.41:908][  0]LogTargetPlatformManager: Display: Loaded TargetPlatform 'Android_DXTClient'
[2020.11.03-17.21.41:908][  0]LogTargetPlatformManager: Display: Loaded TargetPlatform 'Android_ETC2Client'
[2020.11.03-17.21.41:908][  0]LogTargetPlatformManager: Display: Loaded TargetPlatform 'Android_Multi'
[2020.11.03-17.21.41:908][  0]LogTargetPlatformManager: Display: Loaded TargetPlatform 'Android_MultiClient'
[2020.11.03-17.21.41:931][  0]LogTargetPlatformManager: Display: Loaded TargetPlatform 'IOSClient'
[2020.11.03-17.21.41:931][  0]LogTargetPlatformManager: Display: Loaded TargetPlatform 'IOS'
[2020.11.03-17.21.41:941][  0]LogTargetPlatformManager: Display: Loaded TargetPlatform 'Linux'
[2020.11.03-17.21.41:950][  0]LogTargetPlatformManager: Display: Loaded TargetPlatform 'LinuxNoEditor'
[2020.11.03-17.21.41:959][  0]LogTargetPlatformManager: Display: Loaded TargetPlatform 'LinuxClient'
[2020.11.03-17.21.41:968][  0]LogTargetPlatformManager: Display: Loaded TargetPlatform 'LinuxServer'
[2020.11.03-17.21.41:977][  0]LogTargetPlatformManager: Display: Loaded TargetPlatform 'LinuxAArch64NoEditor'
[2020.11.03-17.21.41:987][  0]LogTargetPlatformManager: Display: Loaded TargetPlatform 'LinuxAArch64Client'
[2020.11.03-17.21.41:996][  0]LogTargetPlatformManager: Display: Loaded TargetPlatform 'LinuxAArch64Server'
[2020.11.03-17.21.42:022][  0]LogTargetPlatformManager: Display: Loaded TargetPlatform 'Lumin'
[2020.11.03-17.21.42:022][  0]LogTargetPlatformManager: Display: Loaded TargetPlatform 'LuminClient'
[2020.11.03-17.21.42:038][  0]LogTargetPlatformManager: Display: Loaded TargetPlatform 'TVOSClient'
[2020.11.03-17.21.42:038][  0]LogTargetPlatformManager: Display: Loaded TargetPlatform 'TVOS'
[2020.11.03-17.21.42:047][  0]LogTargetPlatformManager: Display: Loaded TargetPlatform 'WindowsNoEditor'
[2020.11.03-17.21.42:057][  0]LogTargetPlatformManager: Display: Loaded TargetPlatform 'Windows'
[2020.11.03-17.21.42:066][  0]LogTargetPlatformManager: Display: Loaded TargetPlatform 'WindowsClient'
[2020.11.03-17.21.42:075][  0]LogTargetPlatformManager: Display: Loaded TargetPlatform 'WindowsServer'
[2020.11.03-17.21.42:075][  0]LogTargetPlatformManager: Display: Building Assets For Windows
[2020.11.03-17.21.42:083][  0]LogAudioDebug: Display: Lib vorbis DLL was dynamically loaded.
[2020.11.03-17.21.42:147][  0]LogShaderCompilers: Guid format shader working directory is -49 characters bigger than the processId version (../../../../../../Users/Jacke/Documents/Unreal Projects/Wrath-of-the-Suicider/Wrath_of_Suicider/Intermediate/Shaders/WorkingDirectory/7252/).
[2020.11.03-17.21.42:147][  0]LogShaderCompilers: Cleaned the shader compiler working directory 'C:/Users/Jacke/AppData/Local/Temp/UnrealShaderWorkingDir/0647CE4C44C9E18399E651A1DFC5452E/'.
[2020.11.03-17.21.42:148][  0]LogXGEController: Cleaning working directory: C:/Users/Jacke/AppData/Local/Temp/UnrealXGEWorkingDir/
[2020.11.03-17.21.42:148][  0]LogXGEController: Cannot use XGE Controller as Incredibuild is not installed on this machine.
[2020.11.03-17.21.42:148][  0]LogShaderCompilers: Cannot use XGE Shader Compiler as Incredibuild is not installed on this machine.
[2020.11.03-17.21.42:148][  0]LogShaderCompilers: Display: Using Local Shader Compiler.
[2020.11.03-17.21.43:377][  0]LogDerivedDataCache: Display: Max Cache Size: 512 MB
[2020.11.03-17.21.43:448][  0]LogDerivedDataCache: Loaded boot cache 0.07s 75MB C:/Users/Jacke/AppData/Local/UnrealEngine/4.25/DerivedDataCache/Boot.ddc.
[2020.11.03-17.21.43:448][  0]LogDerivedDataCache: Display: Loaded Boot cache: C:/Users/Jacke/AppData/Local/UnrealEngine/4.25/DerivedDataCache/Boot.ddc
[2020.11.03-17.21.43:448][  0]LogDerivedDataCache: FDerivedDataBackendGraph:  Pak pak cache file ../../../../../../Users/Jacke/Documents/Unreal Projects/Wrath-of-the-Suicider/Wrath_of_Suicider/DerivedDataCache/DDC.ddp not found, will not use a pak cache.
[2020.11.03-17.21.43:448][  0]LogDerivedDataCache: Unable to find inner node Pak for hierarchical cache Hierarchy.
[2020.11.03-17.21.43:448][  0]LogDerivedDataCache: FDerivedDataBackendGraph:  CompressedPak pak cache file ../../../../../../Users/Jacke/Documents/Unreal Projects/Wrath-of-the-Suicider/Wrath_of_Suicider/DerivedDataCache/Compressed.ddp not found, will not use a pak cache.
[2020.11.03-17.21.43:448][  0]LogDerivedDataCache: Unable to find inner node CompressedPak for hierarchical cache Hierarchy.
[2020.11.03-17.21.43:462][  0]LogDerivedDataCache: Display: Pak cache opened for reading ../../../Engine/DerivedDataCache/Compressed.ddp.
[2020.11.03-17.21.43:462][  0]LogDerivedDataCache: FDerivedDataBackendGraph:  EnterprisePak pak cache file ../../../Enterprise/DerivedDataCache/Compressed.ddp not found, will not use a pak cache.
[2020.11.03-17.21.43:462][  0]LogDerivedDataCache: Unable to find inner node EnterprisePak for hierarchical cache Hierarchy.
[2020.11.03-17.21.43:463][  0]LogDerivedDataCache: Using Local data cache path C:/Users/Jacke/AppData/Local/UnrealEngine/Common/DerivedDataCache: Writable
[2020.11.03-17.21.43:463][  0]LogDerivedDataCache: Shared data cache path not found in *engine.ini, will not use an Shared cache.
[2020.11.03-17.21.43:463][  0]LogDerivedDataCache: Unable to find inner node Shared for hierarchical cache Hierarchy.
[2020.11.03-17.21.43:527][  0]LogSlate: Using FreeType 2.10.0
[2020.11.03-17.21.43:527][  0]LogSlate: SlateFontServices - WITH_FREETYPE: 1, WITH_HARFBUZZ: 1
[2020.11.03-17.21.43:555][  0]LogAssetRegistry: FAssetRegistry took 0.0025 seconds to start up
[2020.11.03-17.21.43:795][  0]LogInit: Selected Device Profile: [Windows]
[2020.11.03-17.21.43:907][  0]LogMeshReduction: Using QuadricMeshReduction for automatic static mesh reduction
[2020.11.03-17.21.43:907][  0]LogMeshReduction: Using SimplygonMeshReduction for automatic skeletal mesh reduction
[2020.11.03-17.21.43:907][  0]LogMeshReduction: Using ProxyLODMeshReduction for automatic mesh merging
[2020.11.03-17.21.43:907][  0]LogMeshReduction: No distributed automatic mesh merging module available
[2020.11.03-17.21.43:907][  0]LogMeshMerging: No distributed automatic mesh merging module available
[2020.11.03-17.21.43:922][  0]LogNetVersion: Wrath_of_Suicider 1.0.0, NetCL: 13144385, EngineNetVer: 14, GameNetVer: 0 (Checksum: 4142404147)
[2020.11.03-17.21.44:436][  0]LogAISub: UAISubsystem::UAISubsystem AISubsystem (000002DAECFADBC0), frame # 0
[2020.11.03-17.21.44:436][  0]LogAISub: UAISubsystem::UAISubsystem AIPerceptionSystem (000002DAECEDF740), frame # 0
[2020.11.03-17.21.44:437][  0]LogAISub: UAISubsystem::UAISubsystem EnvQueryManager (000002DAECF35E00), frame # 0
[2020.11.03-17.21.44:525][  0]LogPackageLocalizationCache: Processed 19 localized package path(s) for 1 prioritized culture(s) in 0.081564 seconds
[2020.11.03-17.21.44:530][  0]LogUObjectArray: 15917 objects as part of root set at end of initial load.
[2020.11.03-17.21.44:530][  0]LogUObjectAllocator: 3965568 out of 0 bytes used by permanent object pool.
[2020.11.03-17.21.44:530][  0]LogUObjectArray: CloseDisregardForGC: 0/0 objects in disregard for GC pool
[2020.11.03-17.21.44:860][  0]LogTcpMessaging: Initializing TcpMessaging bridge
[2020.11.03-17.21.44:864][  0]LogUdpMessaging: Initializing bridge on interface 0.0.0.0:0 to multicast group 230.0.0.1:6666.
[2020.11.03-17.21.44:940][  0]SourceControl: Source control is disabled
[2020.11.03-17.21.44:940][  0]SourceControl: Source control is disabled
[2020.11.03-17.21.44:944][  0]SourceControl: Source control is disabled
[2020.11.03-17.21.44:947][  0]SourceControl: Source control is disabled
[2020.11.03-17.21.44:954][  0]SourceControl: Source control is disabled
[2020.11.03-17.21.45:203][  0]LogAndroidPermission: UAndroidPermissionCallbackProxy::GetInstance
[2020.11.03-17.21.45:222][  0]LogAudioCaptureCore: Display: No Audio Capture implementations found. Audio input will be silent.
[2020.11.03-17.21.45:222][  0]LogAudioCaptureCore: Display: No Audio Capture implementations found. Audio input will be silent.
[2020.11.03-17.21.45:271][  0]LogOcInput: OculusInput pre-init called
[2020.11.03-17.21.45:283][  0]LogWindows: Failed to load 'OVRPlugin.dll' (GetLastError=126)
[2020.11.03-17.21.45:283][  0]LogWindows: File 'OVRPlugin.dll' does not exist
[2020.11.03-17.21.45:343][  0]LogEngine: Initializing Engine...
[2020.11.03-17.21.45:345][  0]LogHMD: Failed to initialize OpenVR with code 110
[2020.11.03-17.21.45:345][  0]LogMagicLeap: Warning: VR disabled because ZI is not enabled.  To enable, in the editor, Edit -> Project Settings -> Plugins -> Magic Leap Plugin -> Enable Zero Iteration
[2020.11.03-17.21.45:346][  0]LogStats: UGameplayTagsManager::InitializeManager -  0.000 s
[2020.11.03-17.21.45:506][  0]LogInit: Initializing FReadOnlyCVARCache
[2020.11.03-17.21.45:519][  0]LogAIModule: Creating AISystem for world Untitled
[2020.11.03-17.21.45:519][  0]LogAISub: UAISubsystem::UAISubsystem EnvQueryManager (000002DAF1A1C600), frame # 0
[2020.11.03-17.21.45:519][  0]LogAISub: UAISubsystem::UAISubsystem AIPerceptionSystem (000002DAF1A21D00), frame # 0
[2020.11.03-17.21.45:547][  0]LogAudioMixer: Display: Audio Mixer Platform Settings:
[2020.11.03-17.21.45:547][  0]LogAudioMixer: Display: 	Sample Rate:						  48000
[2020.11.03-17.21.45:547][  0]LogAudioMixer: Display: 	Callback Buffer Frame Size Requested: 1024
[2020.11.03-17.21.45:547][  0]LogAudioMixer: Display: 	Callback Buffer Frame Size To Use:	  1024
[2020.11.03-17.21.45:547][  0]LogAudioMixer: Display: 	Number of buffers to queue:			  2
[2020.11.03-17.21.45:547][  0]LogAudioMixer: Display: 	Max Channels (voices):				  32
[2020.11.03-17.21.45:547][  0]LogAudioMixer: Display: 	Number of Async Source Workers:		  0
[2020.11.03-17.21.45:547][  0]LogAudio: Display: AudioDevice MaxSources: 32
[2020.11.03-17.21.45:548][  0]LogAudio: Display: Using built-in audio occlusion.
[2020.11.03-17.21.45:548][  0]LogAudioMixer: Display: Initializing audio mixer.
[2020.11.03-17.21.45:563][  0]LogAudioMixer: Display: 0: FrontLeft
[2020.11.03-17.21.45:563][  0]LogAudioMixer: Display: 1: FrontRight
[2020.11.03-17.21.45:790][  0]LogAudioMixer: Display: Using Audio Device Speaker/Headphone (Realtek High Definition Audio)
[2020.11.03-17.21.45:796][  0]LogAudioMixer: Display: Initializing Sound Submixes...
[2020.11.03-17.21.45:801][  0]LogAudioMixer: Display: Creating Master Submix 'MasterSubmixDefault'
[2020.11.03-17.21.45:801][  0]LogAudioMixer: Display: Creating Master Submix 'MasterReverbSubmixDefault'
[2020.11.03-17.21.45:804][  0]LogAudioMixer: Display: Creating Master Submix 'MasterEQSubmixDefault'
[2020.11.03-17.21.45:805][  0]LogInit: FAudioDevice initialized.
[2020.11.03-17.21.45:806][  0]LogNetVersion: Set ProjectVersion to 1.0.0.0. Version Checksum will be recalculated on next use.
[2020.11.03-17.21.47:271][  0]LogDerivedDataCache: Saved boot cache 1.47s 75MB C:/Users/Jacke/AppData/Local/UnrealEngine/4.25/DerivedDataCache/Boot.ddc.
[2020.11.03-17.21.47:724][  0]LogInit: Texture streaming: Enabled
[2020.11.03-17.21.47:743][  0]LogEngineSessionManager: EngineSessionManager initialized
[2020.11.03-17.21.47:743][  0]LogEditorSessionSummary: Verbose: Initializing EditorSessionSummaryWriter for editor session tracking
[2020.11.03-17.21.47:823][  0]LogEditorSessionSummary: EditorSessionSummaryWriter initialized
[2020.11.03-17.21.47:891][  0]LogInit: Transaction tracking system initialized
[2020.11.03-17.21.47:912][  0]BlueprintLog: New page: Editor Load
[2020.11.03-17.21.48:040][  0]LocalizationService: Localization service is disabled
[2020.11.03-17.21.48:462][  0]LogCook: Display: Max memory allowance for cook 16384mb min free memory 0mb
[2020.11.03-17.21.48:462][  0]LogCook: Display: Mobile HDR setting 1
[2020.11.03-17.21.48:668][  0]LogFileCache: Scanning file cache for directory 'C:/Users/Jacke/Documents/Unreal Projects/Wrath-of-the-Suicider/Wrath_of_Suicider/Content/' took 0.00s
[2020.11.03-17.21.48:937][  0]SourceControl: Source control is disabled
[2020.11.03-17.21.48:937][  0]LogUnrealEdMisc: Loading editor; pre map load, took 15.455
[2020.11.03-17.21.48:937][  0]Cmd: MAP LOAD FILE="../../../../../../Users/Jacke/Documents/Unreal Projects/Wrath-of-the-Suicider/Wrath_of_Suicider/Content/TopDownBP/Maps/TopDownExampleMap.umap" TEMPLATE=0 SHOWPROGRESS=1 FEATURELEVEL=3
[2020.11.03-17.21.48:938][  0]LightingResults: New page: Lighting Build
[2020.11.03-17.21.48:938][  0]LogWorld: UWorld::CleanupWorld for Untitled, bSessionEnded=true, bCleanupResources=true
[2020.11.03-17.21.48:938][  0]LogSlate: InvalidateAllWidgets triggered.  All widgets were invalidated
[2020.11.03-17.21.48:938][  0]MapCheck: New page: Map Check
[2020.11.03-17.21.48:938][  0]LightingResults: New page: Lighting Build
[2020.11.03-17.21.48:949][  0]LogAISub: UAISubsystem::~UAISubsystem EnvQueryManager (000002DAF1A1C600), frame # 0
[2020.11.03-17.21.48:949][  0]LogAISub: UAISubsystem::~UAISubsystem AIPerceptionSystem (000002DAF1A21D00), frame # 0
[2020.11.03-17.21.48:950][  0]LogUObjectHash: Compacting FUObjectHashTables data took   0.65ms
[2020.11.03-17.21.49:131][  0]LogLinker: Warning: While loading '../../../../../../Users/Jacke/Documents/Unreal Projects/Wrath-of-the-Suicider/Wrath_of_Suicider/Content/TopDownBP/Maps/TopDownExampleMap.umap' failed to load '/Game/TopDownBP/Maps/TopDownExampleMap_BuiltData': Can't find file.
[2020.11.03-17.21.49:131][  0]LogLinker: Warning: While loading '../../../../../../Users/Jacke/Documents/Unreal Projects/Wrath-of-the-Suicider/Wrath_of_Suicider/Content/TopDownBP/Maps/TopDownExampleMap.umap' failed to load '/Game/TopDownBP/Maps/TopDownExampleMap_BuiltData': Can't find file.
[2020.11.03-17.21.49:131][  0]LogLinker: Warning: While loading '../../../../../../Users/Jacke/Documents/Unreal Projects/Wrath-of-the-Suicider/Wrath_of_Suicider/Content/TopDownBP/Maps/TopDownExampleMap.umap' failed to load '/Game/TopDownBP/Maps/TopDownExampleMap_BuiltData': Can't find file.
[2020.11.03-17.21.49:131][  0]LogLinker: Warning: While loading '../../../../../../Users/Jacke/Documents/Unreal Projects/Wrath-of-the-Suicider/Wrath_of_Suicider/Content/TopDownBP/Maps/TopDownExampleMap.umap' failed to load '/Game/TopDownBP/Maps/TopDownExampleMap_BuiltData': Can't find file.
[2020.11.03-17.21.49:132][  0]LogLinker: Warning: Failed to load '/Game/TopDownBP/Maps/TopDownExampleMap_BuiltData': Can't find file.
[2020.11.03-17.21.49:132][  0]LogLinker: Warning: Failed to load '/Game/TopDownBP/Maps/TopDownExampleMap_BuiltData': Can't find file.
[2020.11.03-17.21.49:132][  0]LogLinker: Warning: Failed to load '/Game/TopDownBP/Maps/TopDownExampleMap_BuiltData': Can't find file.
[2020.11.03-17.21.49:132][  0]LogLinker: Warning: Failed to load '/Game/TopDownBP/Maps/TopDownExampleMap_BuiltData': Can't find file.
[2020.11.03-17.21.49:137][  0]LogLinker: Warning: While loading '../../../../../../Users/Jacke/Documents/Unreal Projects/Wrath-of-the-Suicider/Wrath_of_Suicider/Content/TopDownBP/Maps/TopDownExampleMap.umap' failed to load '/Game/TopDownBP/Maps/TopDownExampleMap_BuiltData': Can't find file.
[2020.11.03-17.21.49:137][  0]LoadErrors: Failed to load /Game/TopDownBP/Maps/TopDownExampleMap_BuiltData.TopDownExampleMap_BuiltData Referenced by PersistentLevel
[2020.11.03-17.21.49:138][  0]LogLinker: Warning: While loading '../../../../../../Users/Jacke/Documents/Unreal Projects/Wrath-of-the-Suicider/Wrath_of_Suicider/Content/TopDownBP/Maps/TopDownExampleMap.umap' failed to load '/Game/TopDownBP/Maps/TopDownExampleMap_BuiltData': Can't find file.
[2020.11.03-17.21.49:138][  0]LoadErrors: Failed to load /Game/TopDownBP/Maps/TopDownExampleMap_BuiltData.TopDownExampleMap_BuiltData Referenced by PersistentLevel
[2020.11.03-17.21.49:604][  0]LogTexture: Display: Building textures: pixil-frame-0 (AutoDXT, 100X100)
[2020.11.03-17.21.50:109][  0]LogMaterial: Display: Missing cached shader map for material swordmaterial, compiling. 
[2020.11.03-17.21.51:064][  0]LogShaderCompilers: Display: Worker (1/5): shaders left to compile 15
[2020.11.03-17.21.51:064][  0]LogShaderCompilers: Display: Worker (2/5): shaders left to compile 11
[2020.11.03-17.21.51:064][  0]LogShaderCompilers: Display: Worker (3/5): shaders left to compile 7
[2020.11.03-17.21.51:064][  0]LogShaderCompilers: Display: Worker (4/5): shaders left to compile 3
[2020.11.03-17.21.51:064][  0]LogAIModule: Creating AISystem for world TopDownExampleMap
[2020.11.03-17.21.51:064][  0]LogAISub: UAISubsystem::UAISubsystem EnvQueryManager (000002DA81142400), frame # 0
[2020.11.03-17.21.51:064][  0]LogAISub: UAISubsystem::UAISubsystem AIPerceptionSystem (000002DA811F0A40), frame # 0
[2020.11.03-17.21.51:080][  0]LogEditorServer: Finished looking for orphan Actors (0.000 secs)
[2020.11.03-17.21.51:082][  0]LogNavigationDataBuild: Display:    Building NavData:  Name Default class /Script/NavigationSystem.RecastNavMesh agent radius 35.0.
[2020.11.03-17.21.51:095][  0]LogUObjectHash: Compacting FUObjectHashTables data took   0.91ms
[2020.11.03-17.21.51:096][  0]Cmd: MAP CHECKDEP NOCLEARLOG
[2020.11.03-17.21.51:096][  0]MapCheck: Map check complete: 0 Error(s), 0 Warning(s), took 0.194ms to complete.
[2020.11.03-17.21.51:096][  0]LogFileHelpers: Loading map 'TopDownExampleMap' took 2.159
[2020.11.03-17.21.51:098][  0]LogUnrealEdMisc: Total Editor Startup Time, took 17.616
[2020.11.03-17.21.51:267][  0]LogSlate: Updating window title bar state: overlay mode, drag disabled, window buttons hidden, title bar hidden
[2020.11.03-17.21.51:277][  0]LogSlate: Updating window title bar state: overlay mode, drag disabled, window buttons hidden, title bar hidden
[2020.11.03-17.21.51:284][  0]LogSlate: Updating window title bar state: overlay mode, drag disabled, window buttons hidden, title bar hidden
[2020.11.03-17.21.51:291][  0]LogSlate: Updating window title bar state: overlay mode, drag disabled, window buttons hidden, title bar hidden
[2020.11.03-17.21.51:298][  0]LogCollectionManager: Loaded 0 collections in 0.001813 seconds
[2020.11.03-17.21.51:314][  0]LogFileCache: Scanning file cache for directory 'C:/Users/Jacke/Documents/Unreal Projects/Wrath-of-the-Suicider/Wrath_of_Suicider/Saved/Collections/' took 0.00s
[2020.11.03-17.21.51:314][  0]LogFileCache: Scanning file cache for directory 'C:/Users/Jacke/Documents/Unreal Projects/Wrath-of-the-Suicider/Wrath_of_Suicider/Content/Developers/Jacke/Collections/' took 0.00s
[2020.11.03-17.21.51:314][  0]LogFileCache: Scanning file cache for directory 'C:/Users/Jacke/Documents/Unreal Projects/Wrath-of-the-Suicider/Wrath_of_Suicider/Content/Collections/' took 0.00s
[2020.11.03-17.21.51:314][  0]LogContentBrowser: Native class hierarchy populated in 0.0100 seconds. Added 3427 classes and 821 folders.
[2020.11.03-17.21.51:327][  0]LogContentBrowser: Native class hierarchy updated for 'WidgetCarousel' in 0.0003 seconds. Added 0 classes and 0 folders.
[2020.11.03-17.21.51:392][  0]LogContentBrowser: Native class hierarchy updated for 'AddContentDialog' in 0.0003 seconds. Added 0 classes and 0 folders.
[2020.11.03-17.21.51:394][  0]LogContentBrowser: Native class hierarchy updated for 'SceneOutliner' in 0.0003 seconds. Added 2 classes and 0 folders.
[2020.11.03-17.21.51:431][  0]LogSlate: Took 0.000171 seconds to synchronously load lazily loaded font '../../../Engine/Content/Slate/Fonts/Roboto-Regular.ttf' (155K)
[2020.11.03-17.21.52:644][  0]LogSlate: Took 0.000289 seconds to synchronously load lazily loaded font '../../../Engine/Content/Slate/Fonts/Roboto-Bold.ttf' (160K)
[2020.11.03-17.21.52:651][  0]LogSlate: Took 0.000178 seconds to synchronously load lazily loaded font '../../../Engine/Content/Editor/Slate/Fonts/FontAwesome.ttf' (139K)
[2020.11.03-17.21.52:747][  0]LogRenderer: Reallocating scene render targets to support 944x432 Format 10 NumSamples 1 (Frame:1).
[2020.11.03-17.21.52:852][  0]LogSlate: Took 0.000152 seconds to synchronously load lazily loaded font '../../../Engine/Content/Slate/Fonts/DroidSansMono.ttf' (77K)
[2020.11.03-17.21.52:964][  0]LogContentBrowser: Native class hierarchy updated for 'HierarchicalLODOutliner' in 0.0003 seconds. Added 0 classes and 0 folders.
[2020.11.03-17.21.52:964][  0]LogLoad: (Engine Initialization) Total time: 19.48 seconds
[2020.11.03-17.21.52:965][  0]LogLoad: (Engine Initialization) Total Blueprint compile time: 0.00 seconds
[2020.11.03-17.21.53:135][  0]LogContentStreaming: Texture pool size now 1000 MB
[2020.11.03-17.21.54:144][ 10]LogSlate: Took 0.000170 seconds to synchronously load lazily loaded font '../../../Engine/Content/Slate/Fonts/Roboto-Light.ttf' (167K)
[2020.11.03-17.21.57:884][ 54]LogSlate: Took 0.000187 seconds to synchronously load lazily loaded font '../../../Engine/Content/Slate/Fonts/Roboto-Light.ttf' (167K)
[2020.11.03-17.22.07:264][290]LogTemp: Repeating last play command: Selected Viewport
[2020.11.03-17.22.07:284][290]LogPlayLevel: PlayLevel: No blueprints needed recompiling
[2020.11.03-17.22.07:285][290]PIE: New page: PIE session: TopDownExampleMap (Nov 3, 2020, 7:22:07 AM)
[2020.11.03-17.22.07:286][290]LogOnline: OSS: Creating online subsystem instance for: NULL
[2020.11.03-17.22.07:287][290]LogOnline: OSS: TryLoadSubsystemAndSetDefault: Loaded subsystem for module [NULL]
[2020.11.03-17.22.07:287][290]LogPlayLevel: Creating play world package: /Game/TopDownBP/Maps/UEDPIE_0_TopDownExampleMap
[2020.11.03-17.22.07:312][290]LogPlayLevel: PIE: StaticDuplicateObject took: (0.025447s)
[2020.11.03-17.22.07:314][290]LogAIModule: Creating AISystem for world TopDownExampleMap
[2020.11.03-17.22.07:314][290]LogAISub: UAISubsystem::UAISubsystem EnvQueryManager (000002DB13DA9A00), frame # 290
[2020.11.03-17.22.07:314][290]LogAISub: UAISubsystem::UAISubsystem AIPerceptionSystem (000002DA810DD300), frame # 290
[2020.11.03-17.22.07:315][290]LogPlayLevel: PIE: World Init took: (0.002123s)
[2020.11.03-17.22.07:315][290]LogPlayLevel: PIE: Created PIE world by copying editor world from /Game/TopDownBP/Maps/TopDownExampleMap.TopDownExampleMap to /Game/TopDownBP/Maps/UEDPIE_0_TopDownExampleMap.TopDownExampleMap (0.027834s)
[2020.11.03-17.22.07:328][290]LogUObjectHash: Compacting FUObjectHashTables data took   1.62ms
[2020.11.03-17.22.07:331][290]LogAudioMixer: Display: Audio Mixer Platform Settings:
[2020.11.03-17.22.07:331][290]LogAudioMixer: Display: 	Sample Rate:						  48000
[2020.11.03-17.22.07:331][290]LogAudioMixer: Display: 	Callback Buffer Frame Size Requested: 1024
[2020.11.03-17.22.07:331][290]LogAudioMixer: Display: 	Callback Buffer Frame Size To Use:	  1024
[2020.11.03-17.22.07:331][290]LogAudioMixer: Display: 	Number of buffers to queue:			  2
[2020.11.03-17.22.07:331][290]LogAudioMixer: Display: 	Max Channels (voices):				  32
[2020.11.03-17.22.07:331][290]LogAudioMixer: Display: 	Number of Async Source Workers:		  0
[2020.11.03-17.22.07:331][290]LogAudio: Display: AudioDevice MaxSources: 32
[2020.11.03-17.22.07:332][290]LogAudio: Display: Using built-in audio occlusion.
[2020.11.03-17.22.07:332][290]LogAudioMixer: Display: Initializing audio mixer.
[2020.11.03-17.22.07:337][290]LogAudioMixer: Display: 0: FrontLeft
[2020.11.03-17.22.07:337][290]LogAudioMixer: Display: 1: FrontRight
[2020.11.03-17.22.07:369][290]LogAudioMixer: Display: Using Audio Device Speaker/Headphone (Realtek High Definition Audio)
[2020.11.03-17.22.07:369][290]LogAudioMixer: Display: Initializing Sound Submixes...
[2020.11.03-17.22.07:369][290]LogAudioMixer: Display: Creating Master Submix 'MasterSubmixDefault'
[2020.11.03-17.22.07:369][290]LogAudioMixer: Display: Creating Master Submix 'MasterReverbSubmixDefault'
[2020.11.03-17.22.07:370][290]LogAudioMixer: Display: Creating Master Submix 'MasterEQSubmixDefault'
[2020.11.03-17.22.07:388][290]LogInit: FAudioDevice initialized.
[2020.11.03-17.22.07:396][290]LogLoad: Game class is 'TopDownGameMode_C'
[2020.11.03-17.22.07:401][290]LogWorld: Bringing World /Game/TopDownBP/Maps/UEDPIE_0_TopDownExampleMap.TopDownExampleMap up for play (max tick rate 60) at 2020.11.03-12.22.07
[2020.11.03-17.22.07:401][290]LogWorld: Bringing up level for play took: 0.003789
[2020.11.03-17.22.07:402][290]LogOnline: OSS: Creating online subsystem instance for: :Context_5
[2020.11.03-17.22.07:406][290]LogContentBrowser: Native class hierarchy updated for 'MovieSceneCapture' in 0.0006 seconds. Added 20 classes and 0 folders.
[2020.11.03-17.22.07:407][290]PIE: Server logged in
[2020.11.03-17.22.07:409][290]PIE: Play in editor total start time 0.129 seconds.
[2020.11.03-17.22.11:897][422]LogSlate: Updating window title bar state: overlay mode, drag disabled, window buttons hidden, title bar hidden
[2020.11.03-17.22.11:897][422]LogWorld: BeginTearingDown for /Game/TopDownBP/Maps/UEDPIE_0_TopDownExampleMap
[2020.11.03-17.22.11:897][422]LogWorld: UWorld::CleanupWorld for TopDownExampleMap, bSessionEnded=true, bCleanupResources=true
[2020.11.03-17.22.11:898][422]LogSlate: InvalidateAllWidgets triggered.  All widgets were invalidated
[2020.11.03-17.22.11:907][422]LogPlayLevel: Display: Shutting down PIE online subsystems
[2020.11.03-17.22.11:909][422]LogSlate: InvalidateAllWidgets triggered.  All widgets were invalidated
[2020.11.03-17.22.11:936][422]LogSlate: Updating window title bar state: overlay mode, drag disabled, window buttons hidden, title bar hidden
[2020.11.03-17.22.11:937][422]LogAISub: UAISubsystem::~UAISubsystem AIPerceptionSystem (000002DA810DD300), frame # 422
[2020.11.03-17.22.11:937][422]LogAISub: UAISubsystem::~UAISubsystem EnvQueryManager (000002DB13DA9A00), frame # 422
[2020.11.03-17.22.11:938][422]LogUObjectHash: Compacting FUObjectHashTables data took   0.95ms
[2020.11.03-17.22.11:971][423]LogPlayLevel: Display: Destroying online subsystem :Context_5
[2020.11.03-17.22.40:781][ 66]LogTemp: Repeating last play command: Selected Viewport
[2020.11.03-17.22.40:801][ 66]LogPlayLevel: PlayLevel: No blueprints needed recompiling
[2020.11.03-17.22.40:801][ 66]PIE: New page: PIE session: TopDownExampleMap (Nov 3, 2020, 7:22:40 AM)
[2020.11.03-17.22.40:801][ 66]LogPlayLevel: Creating play world package: /Game/TopDownBP/Maps/UEDPIE_0_TopDownExampleMap
[2020.11.03-17.22.40:823][ 66]LogPlayLevel: PIE: StaticDuplicateObject took: (0.021394s)
[2020.11.03-17.22.40:824][ 66]LogAIModule: Creating AISystem for world TopDownExampleMap
[2020.11.03-17.22.40:824][ 66]LogAISub: UAISubsystem::UAISubsystem EnvQueryManager (000002DADFC38400), frame # 1066
[2020.11.03-17.22.40:824][ 66]LogAISub: UAISubsystem::UAISubsystem AIPerceptionSystem (000002DA80639940), frame # 1066
[2020.11.03-17.22.40:825][ 66]LogPlayLevel: PIE: World Init took: (0.002073s)
[2020.11.03-17.22.40:825][ 66]LogPlayLevel: PIE: Created PIE world by copying editor world from /Game/TopDownBP/Maps/TopDownExampleMap.TopDownExampleMap to /Game/TopDownBP/Maps/UEDPIE_0_TopDownExampleMap.TopDownExampleMap (0.023651s)
[2020.11.03-17.22.40:868][ 66]LogUObjectHash: Compacting FUObjectHashTables data took   0.89ms
[2020.11.03-17.22.40:870][ 66]LogAudioMixer: Display: Audio Mixer Platform Settings:
[2020.11.03-17.22.40:870][ 66]LogAudioMixer: Display: 	Sample Rate:						  48000
[2020.11.03-17.22.40:870][ 66]LogAudioMixer: Display: 	Callback Buffer Frame Size Requested: 1024
[2020.11.03-17.22.40:870][ 66]LogAudioMixer: Display: 	Callback Buffer Frame Size To Use:	  1024
[2020.11.03-17.22.40:870][ 66]LogAudioMixer: Display: 	Number of buffers to queue:			  2
[2020.11.03-17.22.40:870][ 66]LogAudioMixer: Display: 	Max Channels (voices):				  32
[2020.11.03-17.22.40:870][ 66]LogAudioMixer: Display: 	Number of Async Source Workers:		  0
[2020.11.03-17.22.40:870][ 66]LogAudio: Display: AudioDevice MaxSources: 32
[2020.11.03-17.22.40:871][ 66]LogAudio: Display: Using built-in audio occlusion.
[2020.11.03-17.22.40:871][ 66]LogAudioMixer: Display: Initializing audio mixer.
[2020.11.03-17.22.40:874][ 66]LogAudioMixer: Display: 0: FrontLeft
[2020.11.03-17.22.40:874][ 66]LogAudioMixer: Display: 1: FrontRight
[2020.11.03-17.22.40:918][ 66]LogAudioMixer: Display: Using Audio Device Speaker/Headphone (Realtek High Definition Audio)
[2020.11.03-17.22.40:919][ 66]LogAudioMixer: Display: Initializing Sound Submixes...
[2020.11.03-17.22.40:919][ 66]LogAudioMixer: Display: Creating Master Submix 'MasterSubmixDefault'
[2020.11.03-17.22.40:919][ 66]LogAudioMixer: Display: Creating Master Submix 'MasterReverbSubmixDefault'
[2020.11.03-17.22.40:920][ 66]LogAudioMixer: Display: Creating Master Submix 'MasterEQSubmixDefault'
[2020.11.03-17.22.40:935][ 66]LogInit: FAudioDevice initialized.
[2020.11.03-17.22.40:948][ 66]LogLoad: Game class is 'TopDownGameMode_C'
[2020.11.03-17.22.40:952][ 66]LogWorld: Bringing World /Game/TopDownBP/Maps/UEDPIE_0_TopDownExampleMap.TopDownExampleMap up for play (max tick rate 60) at 2020.11.03-12.22.40
[2020.11.03-17.22.40:953][ 66]LogWorld: Bringing up level for play took: 0.003576
[2020.11.03-17.22.40:953][ 66]LogOnline: OSS: Creating online subsystem instance for: :Context_9
[2020.11.03-17.22.40:955][ 66]LogScript: Warning: Accessed None trying to read property CallFunc_GetAIController_ReturnValue
	MySimpleAI_C /Game/TopDownBP/Maps/UEDPIE_0_TopDownExampleMap.TopDownExampleMap:PersistentLevel.MySimpleAI_2
	Function /Game/TopDownBP/Blueprints/MySimpleAI.MySimpleAI_C:ExecuteUbergraph_MySimpleAI:002C
[2020.11.03-17.22.40:955][ 66]PIE: Error: Blueprint Runtime Error: "Accessed None trying to read property CallFunc_GetAIController_ReturnValue". Blueprint:  MySimpleAI Function:  Execute Ubergraph My Simple AI Graph:  EventGraph Node:  Possess
[2020.11.03-17.22.40:955][ 66]PIE: Server logged in
[2020.11.03-17.22.40:956][ 66]PIE: Play in editor total start time 0.156 seconds.
[2020.11.03-17.22.49:561][324]LogAssetRegistry: Asset discovery search completed in 66.0064 seconds
[2020.11.03-17.22.49:566][324]LogCollectionManager: Fixed up redirectors for 0 collections in 0.000001 seconds (updated 0 objects)
[2020.11.03-17.22.52:215][402]LogBlueprintUserMessages: [MyPlayer_2] Hello
[2020.11.03-17.22.52:248][403]LogBlueprintUserMessages: [MyPlayer_2] Hello
[2020.11.03-17.22.53:881][452]LogBlueprintUserMessages: [MyPlayer_2] Hello
[2020.11.03-17.22.55:046][487]LogBlueprintUserMessages: [MyPlayer_2] Hello
[2020.11.03-17.22.56:246][523]LogBlueprintUserMessages: [MyPlayer_2] Hello
[2020.11.03-17.22.56:846][541]LogBlueprintUserMessages: [MyPlayer_2] Hello
[2020.11.03-17.23.00:113][639]LogBlueprintUserMessages: [MyPlayer_2] Hello
[2020.11.03-17.23.42:479][909]LogSlate: Updating window title bar state: overlay mode, drag disabled, window buttons hidden, title bar hidden
[2020.11.03-17.23.42:479][909]LogWorld: BeginTearingDown for /Game/TopDownBP/Maps/UEDPIE_0_TopDownExampleMap
[2020.11.03-17.23.42:480][909]LogWorld: UWorld::CleanupWorld for TopDownExampleMap, bSessionEnded=true, bCleanupResources=true
[2020.11.03-17.23.42:480][909]LogSlate: InvalidateAllWidgets triggered.  All widgets were invalidated
[2020.11.03-17.23.42:490][909]LogPlayLevel: Display: Shutting down PIE online subsystems
[2020.11.03-17.23.42:492][909]LogSlate: InvalidateAllWidgets triggered.  All widgets were invalidated
[2020.11.03-17.23.42:531][909]LogSlate: Updating window title bar state: overlay mode, drag disabled, window buttons hidden, title bar hidden
[2020.11.03-17.23.42:534][909]LogAISub: UAISubsystem::~UAISubsystem EnvQueryManager (000002DADFC38400), frame # 2909
[2020.11.03-17.23.42:534][909]LogAISub: UAISubsystem::~UAISubsystem AIPerceptionSystem (000002DA80639940), frame # 2909
[2020.11.03-17.23.42:534][909]LogUObjectHash: Compacting FUObjectHashTables data took   0.70ms
[2020.11.03-17.23.42:640][910]LogPlayLevel: Display: Destroying online subsystem :Context_9
