Log file open, 11/19/20 10:36:05
LogInit: Display: Running engine for game: Wrath_of_Suicider
LogPlatformFile: Not using cached read wrapper
LogTaskGraph: Started task graph with 5 named threads and 35 total threads with 3 sets of task threads.
LogStats: Stats thread started at 0.167857
LogD3D11RHI: Loaded GFSDK_Aftermath_Lib.x64.dll
LogICUInternationalization: ICU TimeZone Detection - Raw Offset: -5:00, Platform Override: ''
LogPluginManager: Mounting plugin Paper2D
LogPluginManager: Mounting plugin AISupport
LogPluginManager: Mounting plugin LightPropagationVolume
LogPluginManager: Mounting plugin CameraShakePreviewer
LogPluginManager: Mounting plugin ActorLayerUtilities
LogPluginManager: Mounting plugin AnimationSharing
LogPluginManager: Mounting plugin CLionSourceCodeAccess
LogPluginManager: Mounting plugin CodeLiteSourceCodeAccess
LogPluginManager: Mounting plugin GitSourceControl
LogPluginManager: Mounting plugin KDevelopSourceCodeAccess
LogPluginManager: Mounting plugin NullSourceCodeAccess
LogPluginManager: Mounting plugin PerforceSourceControl
LogPluginManager: Mounting plugin PlasticSourceControl
LogPluginManager: Mounting plugin RiderSourceCodeAccess
LogPluginManager: Mounting plugin SubversionSourceControl
LogPluginManager: Mounting plugin UObjectPlugin
LogPluginManager: Mounting plugin VisualStudioCodeSourceCodeAccess
LogPluginManager: Mounting plugin VisualStudioSourceCodeAccess
LogPluginManager: Mounting plugin XCodeSourceCodeAccess
LogPluginManager: Mounting plugin AssetManagerEditor
LogPluginManager: Mounting plugin CryptoKeys
LogPluginManager: Mounting plugin CurveEditorTools
LogPluginManager: Mounting plugin DataValidation
LogPluginManager: Mounting plugin EditorScriptingUtilities
LogPluginManager: Mounting plugin FacialAnimation
LogPluginManager: Mounting plugin GameplayTagsEditor
LogPluginManager: Mounting plugin GeometryMode
LogPluginManager: Mounting plugin MacGraphicsSwitching
LogPluginManager: Mounting plugin MaterialAnalyzer
LogPluginManager: Mounting plugin MobileLauncherProfileWizard
LogPluginManager: Mounting plugin PluginBrowser
LogPluginManager: Mounting plugin SpeedTreeImporter
LogPluginManager: Mounting plugin DatasmithContent
LogPluginManager: Mounting plugin VariantManagerContent
LogPluginManager: Mounting plugin AlembicImporter
LogPluginManager: Mounting plugin AutomationUtils
LogPluginManager: Mounting plugin BackChannel
LogPluginManager: Mounting plugin ChaosCloth
LogPluginManager: Mounting plugin ChaosClothEditor
LogPluginManager: Mounting plugin ChaosEditor
LogPluginManager: Mounting plugin ChaosNiagara
LogPluginManager: Mounting plugin ChaosSolverPlugin
LogPluginManager: Mounting plugin CharacterAI
LogPluginManager: Mounting plugin FieldSystemPlugin
LogPluginManager: Mounting plugin GeometryCache
LogPluginManager: Mounting plugin GeometryCollectionPlugin
LogPluginManager: Mounting plugin GeometryProcessing
LogPluginManager: Mounting plugin PlanarCut
LogPluginManager: Mounting plugin PlatformCrypto
LogPluginManager: Mounting plugin ProxyLODPlugin
LogPluginManager: Mounting plugin SkeletalReduction
LogPluginManager: Mounting plugin Niagara
LogPluginManager: Mounting plugin MagicLeap
LogPluginManager: Mounting plugin MagicLeapLightEstimation
LogPluginManager: Mounting plugin MagicLeapMedia
LogPluginManager: Mounting plugin MagicLeapPassableWorld
LogPluginManager: Mounting plugin MLSDK
LogPluginManager: Mounting plugin AndroidMedia
LogPluginManager: Mounting plugin AvfMedia
LogPluginManager: Mounting plugin ImgMedia
LogPluginManager: Mounting plugin MediaCompositing
LogPluginManager: Mounting plugin MediaPlayerEditor
LogPluginManager: Mounting plugin WebMMedia
LogPluginManager: Mounting plugin WmfMedia
LogPluginManager: Mounting plugin MeshPainting
LogPluginManager: Mounting plugin TcpMessaging
LogPluginManager: Mounting plugin UdpMessaging
LogPluginManager: Mounting plugin ActorSequence
LogPluginManager: Mounting plugin LevelSequenceEditor
LogPluginManager: Mounting plugin MatineeToLevelSequence
LogPluginManager: Mounting plugin MovieRenderPipeline
LogPluginManager: Mounting plugin TemplateSequence
LogPluginManager: Mounting plugin NetcodeUnitTest
LogPluginManager: Mounting plugin NUTUnrealEngine4
LogPluginManager: Mounting plugin OnlineSubsystemGooglePlay
LogPluginManager: Mounting plugin OnlineSubsystemIOS
LogPluginManager: Mounting plugin OnlineSubsystem
LogPluginManager: Mounting plugin OnlineSubsystemNull
LogPluginManager: Mounting plugin OnlineSubsystemUtils
LogPluginManager: Mounting plugin LauncherChunkInstaller
LogPluginManager: Mounting plugin AndroidDeviceProfileSelector
LogPluginManager: Mounting plugin AndroidMoviePlayer
LogPluginManager: Mounting plugin AndroidPermission
LogPluginManager: Mounting plugin AppleImageUtils
LogPluginManager: Mounting plugin AppleMoviePlayer
LogPluginManager: Mounting plugin ArchVisCharacter
LogPluginManager: Mounting plugin AssetTags
LogPluginManager: Mounting plugin AudioCapture
LogPluginManager: Mounting plugin CableComponent
LogPluginManager: Mounting plugin CustomMeshComponent
LogPluginManager: Mounting plugin EditableMesh
LogPluginManager: Mounting plugin ExampleDeviceProfileSelector
LogPluginManager: Mounting plugin GoogleCloudMessaging
LogPluginManager: Mounting plugin GooglePAD
LogPluginManager: Mounting plugin IOSDeviceProfileSelector
LogPluginManager: Mounting plugin LinuxDeviceProfileSelector
LogPluginManager: Mounting plugin LocationServicesBPLibrary
LogPluginManager: Mounting plugin MobilePatchingUtils
LogPluginManager: Mounting plugin OculusVR
LogPluginManager: Mounting plugin PhysXVehicles
LogPluginManager: Mounting plugin PostSplashScreen
LogPluginManager: Mounting plugin ProceduralMeshComponent
LogPluginManager: Mounting plugin RuntimePhysXCooking
LogPluginManager: Mounting plugin SignificanceManager
LogPluginManager: Mounting plugin SoundFields
LogPluginManager: Mounting plugin SteamVR
LogPluginManager: Mounting plugin Synthesis
LogPluginManager: Mounting plugin WebMMoviePlayer
LogPluginManager: Mounting plugin WindowsMoviePlayer
LogPluginManager: Mounting plugin ScreenshotTools
LogInit: Using libcurl 7.55.1-DEV
LogInit:  - built for x86_64-pc-win32
LogInit:  - supports SSL with OpenSSL/1.1.1
LogInit:  - supports HTTP deflate (compression) using libz 1.2.8
LogInit:  - other features:
LogInit:      CURL_VERSION_SSL
LogInit:      CURL_VERSION_LIBZ
LogInit:      CURL_VERSION_IPV6
LogInit:      CURL_VERSION_ASYNCHDNS
LogInit:      CURL_VERSION_LARGEFILE
LogInit:      CURL_VERSION_IDN
LogInit:  CurlRequestOptions (configurable via config and command line):
LogInit:  - bVerifyPeer = true  - Libcurl will verify peer certificate
LogInit:  - bUseHttpProxy = false  - Libcurl will NOT use HTTP proxy
LogInit:  - bDontReuseConnections = false  - Libcurl will reuse connections
LogInit:  - MaxHostConnections = 16  - Libcurl will limit the number of connections to a host
LogInit:  - LocalHostAddr = Default
LogInit:  - BufferSize = 65536
LogOnline: OSS: Creating online subsystem instance for: NULL
LogInit: WinSock: version 1.1 (2.2), MaxSocks=32767, MaxUdp=65467
LogOnline: OSS: TryLoadSubsystemAndSetDefault: Loaded subsystem for module [NULL]
LogInit: Build: ++UE4+Release-4.25-CL-14469661
LogInit: Engine Version: 4.25.4-14469661+++UE4+Release-4.25
LogInit: Compatible Engine Version: 4.25.0-13144385+++UE4+Release-4.25
LogInit: Net CL: 13144385
LogInit: OS: Windows 10 (Release 1909) (), CPU: Intel(R) Core(TM) i7-8850H CPU @ 2.60GHz, GPU: Radeon Pro 560X
LogInit: Compiled (64-bit): Oct 11 2020 08:10:49
LogInit: Compiled with Visual C++: 19.24.28315.00
LogInit: Build Configuration: Development
LogInit: Branch Name: ++UE4+Release-4.25
LogInit: Command Line: 
LogInit: Base Directory: C:/Program Files/Epic Games/UE_4.25/Engine/Binaries/Win64/
LogInit: Allocator: TBB
LogInit: Installed Engine Build: 1
LogDevObjectVersion: Number of dev versions registered: 26
LogDevObjectVersion:   Dev-Blueprints (B0D832E4-1F89-4F0D-ACCF-7EB736FD4AA2): 10
LogDevObjectVersion:   Dev-Build (E1C64328-A22C-4D53-A36C-8E866417BD8C): 0
LogDevObjectVersion:   Dev-Core (375EC13C-06E4-48FB-B500-84F0262A717E): 4
LogDevObjectVersion:   Dev-Editor (E4B068ED-F494-42E9-A231-DA0B2E46BB41): 38
LogDevObjectVersion:   Dev-Framework (CFFC743F-43B0-4480-9391-14DF171D2073): 37
LogDevObjectVersion:   Dev-Mobile (B02B49B5-BB20-44E9-A304-32B752E40360): 2
LogDevObjectVersion:   Dev-Networking (A4E4105C-59A1-49B5-A7C5-40C4547EDFEE): 0
LogDevObjectVersion:   Dev-Online (39C831C9-5AE6-47DC-9A44-9C173E1C8E7C): 0
LogDevObjectVersion:   Dev-Physics (78F01B33-EBEA-4F98-B9B4-84EACCB95AA2): 4
LogDevObjectVersion:   Dev-Platform (6631380F-2D4D-43E0-8009-CF276956A95A): 0
LogDevObjectVersion:   Dev-Rendering (12F88B9F-8875-4AFC-A67C-D90C383ABD29): 43
LogDevObjectVersion:   Dev-Sequencer (7B5AE74C-D270-4C10-A958-57980B212A5A): 12
LogDevObjectVersion:   Dev-VR (D7296918-1DD6-4BDD-9DE2-64A83CC13884): 3
LogDevObjectVersion:   Dev-LoadTimes (C2A15278-BFE7-4AFE-6C17-90FF531DF755): 1
LogDevObjectVersion:   Private-Geometry (6EACA3D4-40EC-4CC1-B786-8BED09428FC5): 3
LogDevObjectVersion:   Dev-AnimPhys (29E575DD-E0A3-4627-9D10-D276232CDCEA): 17
LogDevObjectVersion:   Dev-Anim (AF43A65D-7FD3-4947-9873-3E8ED9C1BB05): 7
LogDevObjectVersion:   Dev-ReflectionCapture (6B266CEC-1EC7-4B8F-A30B-E4D90942FC07): 1
LogDevObjectVersion:   Dev-Automation (0DF73D61-A23F-47EA-B727-89E90C41499A): 1
LogDevObjectVersion:   FortniteMain (601D1886-AC64-4F84-AA16-D3DE0DEAC7D6): 31
LogDevObjectVersion:   Dev-Enterprise (9DFFBCD6-494F-0158-E221-12823C92A888): 10
LogDevObjectVersion:   Dev-Niagara (F2AED0AC-9AFE-416F-8664-AA7FFA26D6FC): 1
LogDevObjectVersion:   Dev-Destruction (174F1F0B-B4C6-45A5-B13F-2EE8D0FB917D): 10
LogDevObjectVersion:   Dev-Physics-Ext (35F94A83-E258-406C-A318-09F59610247C): 37
LogDevObjectVersion:   Dev-PhysicsMaterial-Chaos (B68FC16E-8B1B-42E2-B453-215C058844FE): 1
LogDevObjectVersion:   Dev-CineCamera (B2E18506-4273-CFC2-A54E-F4BB758BBA07): 1
LogInit: Presizing for max 25165824 objects, including 0 objects not considered by GC, pre-allocating 0 bytes for permanent pool.
LogConfig: Applying CVar settings from Section [/Script/Engine.StreamingSettings] File [C:/Users/patri/Documents/Unreal Project for Jason/Wrath-of-the-Suicider/Wrath_of_Suicider/Saved/Config/Windows/Engine.ini]
LogConfig: Setting CVar [[s.MinBulkDataSizeForAsyncLoading:131072]]
LogConfig: Setting CVar [[s.AsyncLoadingThreadEnabled:0]]
LogConfig: Setting CVar [[s.EventDrivenLoaderEnabled:1]]
LogConfig: Setting CVar [[s.WarnIfTimeLimitExceeded:0]]
LogConfig: Setting CVar [[s.TimeLimitExceededMultiplier:1.5]]
LogConfig: Setting CVar [[s.TimeLimitExceededMinTime:0.005]]
LogConfig: Setting CVar [[s.UseBackgroundLevelStreaming:1]]
LogConfig: Setting CVar [[s.PriorityAsyncLoadingExtraTime:15.0]]
LogConfig: Setting CVar [[s.LevelStreamingActorsUpdateTimeLimit:5.0]]
LogConfig: Setting CVar [[s.PriorityLevelStreamingActorsUpdateExtraTime:5.0]]
LogConfig: Setting CVar [[s.LevelStreamingComponentsRegistrationGranularity:10]]
LogConfig: Setting CVar [[s.UnregisterComponentsTimeLimit:1.0]]
LogConfig: Setting CVar [[s.LevelStreamingComponentsUnregistrationGranularity:5]]
LogConfig: Setting CVar [[s.FlushStreamingOnExit:1]]
LogInit: Object subsystem initialized
LogConfig: Setting CVar [[con.DebugEarlyDefault:1]]
LogConfig: Setting CVar [[r.setres:1280x720]]
[2020.11.19-15.36.05:467][  0]LogConfig: Setting CVar [[r.VSync:0]]
[2020.11.19-15.36.05:467][  0]LogConfig: Setting CVar [[r.RHICmdBypass:0]]
[2020.11.19-15.36.05:467][  0]LogConfig: Applying CVar settings from Section [/Script/Engine.RendererSettings] File [C:/Users/patri/Documents/Unreal Project for Jason/Wrath-of-the-Suicider/Wrath_of_Suicider/Saved/Config/Windows/Engine.ini]
[2020.11.19-15.36.05:467][  0]LogConfig: Setting CVar [[r.GPUCrashDebugging:0]]
[2020.11.19-15.36.05:467][  0]LogConfig: Applying CVar settings from Section [/Script/Engine.RendererOverrideSettings] File [C:/Users/patri/Documents/Unreal Project for Jason/Wrath-of-the-Suicider/Wrath_of_Suicider/Saved/Config/Windows/Engine.ini]
[2020.11.19-15.36.05:467][  0]LogConfig: Applying CVar settings from Section [/Script/Engine.StreamingSettings] File [C:/Users/patri/Documents/Unreal Project for Jason/Wrath-of-the-Suicider/Wrath_of_Suicider/Saved/Config/Windows/Engine.ini]
[2020.11.19-15.36.05:467][  0]LogConfig: Setting CVar [[s.MinBulkDataSizeForAsyncLoading:131072]]
[2020.11.19-15.36.05:467][  0]LogConfig: Setting CVar [[s.AsyncLoadingThreadEnabled:0]]
[2020.11.19-15.36.05:467][  0]LogConfig: Setting CVar [[s.EventDrivenLoaderEnabled:1]]
[2020.11.19-15.36.05:467][  0]LogConfig: Setting CVar [[s.WarnIfTimeLimitExceeded:0]]
[2020.11.19-15.36.05:467][  0]LogConfig: Setting CVar [[s.TimeLimitExceededMultiplier:1.5]]
[2020.11.19-15.36.05:467][  0]LogConfig: Setting CVar [[s.TimeLimitExceededMinTime:0.005]]
[2020.11.19-15.36.05:467][  0]LogConfig: Setting CVar [[s.UseBackgroundLevelStreaming:1]]
[2020.11.19-15.36.05:467][  0]LogConfig: Setting CVar [[s.PriorityAsyncLoadingExtraTime:15.0]]
[2020.11.19-15.36.05:467][  0]LogConfig: Setting CVar [[s.LevelStreamingActorsUpdateTimeLimit:5.0]]
[2020.11.19-15.36.05:467][  0]LogConfig: Setting CVar [[s.PriorityLevelStreamingActorsUpdateExtraTime:5.0]]
[2020.11.19-15.36.05:467][  0]LogConfig: Setting CVar [[s.LevelStreamingComponentsRegistrationGranularity:10]]
[2020.11.19-15.36.05:467][  0]LogConfig: Setting CVar [[s.UnregisterComponentsTimeLimit:1.0]]
[2020.11.19-15.36.05:467][  0]LogConfig: Setting CVar [[s.LevelStreamingComponentsUnregistrationGranularity:5]]
[2020.11.19-15.36.05:467][  0]LogConfig: Setting CVar [[s.FlushStreamingOnExit:1]]
[2020.11.19-15.36.05:467][  0]LogConfig: Applying CVar settings from Section [/Script/Engine.GarbageCollectionSettings] File [C:/Users/patri/Documents/Unreal Project for Jason/Wrath-of-the-Suicider/Wrath_of_Suicider/Saved/Config/Windows/Engine.ini]
[2020.11.19-15.36.05:467][  0]LogConfig: Setting CVar [[gc.MaxObjectsNotConsideredByGC:1]]
[2020.11.19-15.36.05:467][  0]LogConfig: Setting CVar [[gc.SizeOfPermanentObjectPool:0]]
[2020.11.19-15.36.05:467][  0]LogConfig: Setting CVar [[gc.FlushStreamingOnGC:0]]
[2020.11.19-15.36.05:467][  0]LogConfig: Setting CVar [[gc.NumRetriesBeforeForcingGC:10]]
[2020.11.19-15.36.05:467][  0]LogConfig: Setting CVar [[gc.AllowParallelGC:1]]
[2020.11.19-15.36.05:467][  0]LogConfig: Setting CVar [[gc.TimeBetweenPurgingPendingKillObjects:61.1]]
[2020.11.19-15.36.05:467][  0]LogConfig: Setting CVar [[gc.MaxObjectsInEditor:25165824]]
[2020.11.19-15.36.05:467][  0]LogConfig: Setting CVar [[gc.IncrementalBeginDestroyEnabled:1]]
[2020.11.19-15.36.05:467][  0]LogConfig: Setting CVar [[gc.CreateGCClusters:1]]
[2020.11.19-15.36.05:467][  0]LogConfig: Setting CVar [[gc.MinGCClusterSize:5]]
[2020.11.19-15.36.05:467][  0]LogConfig: Setting CVar [[gc.ActorClusteringEnabled:0]]
[2020.11.19-15.36.05:467][  0]LogConfig: Setting CVar [[gc.BlueprintClusteringEnabled:0]]
[2020.11.19-15.36.05:467][  0]LogConfig: Setting CVar [[gc.UseDisregardForGCOnDedicatedServers:0]]
[2020.11.19-15.36.05:467][  0]LogConfig: Applying CVar settings from Section [/Script/Engine.NetworkSettings] File [C:/Users/patri/Documents/Unreal Project for Jason/Wrath-of-the-Suicider/Wrath_of_Suicider/Saved/Config/Windows/Engine.ini]
[2020.11.19-15.36.05:467][  0]LogConfig: Applying CVar settings from Section [/Script/UnrealEd.CookerSettings] File [C:/Users/patri/Documents/Unreal Project for Jason/Wrath-of-the-Suicider/Wrath_of_Suicider/Saved/Config/Windows/Engine.ini]
[2020.11.19-15.36.05:472][  0]LogConfig: Applying CVar settings from Section [ViewDistanceQuality@3] File [C:/Users/patri/Documents/Unreal Project for Jason/Wrath-of-the-Suicider/Wrath_of_Suicider/Saved/Config/Windows/Scalability.ini]
[2020.11.19-15.36.05:472][  0]LogConfig: Setting CVar [[r.SkeletalMeshLODBias:0]]
[2020.11.19-15.36.05:472][  0]LogConfig: Setting CVar [[r.ViewDistanceScale:1.0]]
[2020.11.19-15.36.05:472][  0]LogConfig: Applying CVar settings from Section [AntiAliasingQuality@3] File [C:/Users/patri/Documents/Unreal Project for Jason/Wrath-of-the-Suicider/Wrath_of_Suicider/Saved/Config/Windows/Scalability.ini]
[2020.11.19-15.36.05:472][  0]LogConfig: Setting CVar [[r.PostProcessAAQuality:4]]
[2020.11.19-15.36.05:472][  0]LogConfig: Applying CVar settings from Section [ShadowQuality@3] File [C:/Users/patri/Documents/Unreal Project for Jason/Wrath-of-the-Suicider/Wrath_of_Suicider/Saved/Config/Windows/Scalability.ini]
[2020.11.19-15.36.05:472][  0]LogConfig: Setting CVar [[r.LightFunctionQuality:1]]
[2020.11.19-15.36.05:472][  0]LogConfig: Setting CVar [[r.ShadowQuality:5]]
[2020.11.19-15.36.05:472][  0]LogConfig: Setting CVar [[r.Shadow.CSM.MaxCascades:10]]
[2020.11.19-15.36.05:472][  0]LogConfig: Setting CVar [[r.Shadow.MaxResolution:2048]]
[2020.11.19-15.36.05:472][  0]LogConfig: Setting CVar [[r.Shadow.MaxCSMResolution:2048]]
[2020.11.19-15.36.05:472][  0]LogConfig: Setting CVar [[r.Shadow.RadiusThreshold:0.01]]
[2020.11.19-15.36.05:472][  0]LogConfig: Setting CVar [[r.Shadow.DistanceScale:1.0]]
[2020.11.19-15.36.05:472][  0]LogConfig: Setting CVar [[r.Shadow.CSM.TransitionScale:1.0]]
[2020.11.19-15.36.05:472][  0]LogConfig: Setting CVar [[r.Shadow.PreShadowResolutionFactor:1.0]]
[2020.11.19-15.36.05:472][  0]LogConfig: Setting CVar [[r.DistanceFieldShadowing:1]]
[2020.11.19-15.36.05:472][  0]LogConfig: Setting CVar [[r.DistanceFieldAO:1]]
[2020.11.19-15.36.05:472][  0]LogConfig: Setting CVar [[r.AOQuality:2]]
[2020.11.19-15.36.05:472][  0]LogConfig: Setting CVar [[r.VolumetricFog:1]]
[2020.11.19-15.36.05:472][  0]LogConfig: Setting CVar [[r.VolumetricFog.GridPixelSize:8]]
[2020.11.19-15.36.05:472][  0]LogConfig: Setting CVar [[r.VolumetricFog.GridSizeZ:128]]
[2020.11.19-15.36.05:472][  0]LogConfig: Setting CVar [[r.VolumetricFog.HistoryMissSupersampleCount:4]]
[2020.11.19-15.36.05:472][  0]LogConfig: Setting CVar [[r.LightMaxDrawDistanceScale:1]]
[2020.11.19-15.36.05:472][  0]LogConfig: Setting CVar [[r.CapsuleShadows:1]]
[2020.11.19-15.36.05:472][  0]LogConfig: Applying CVar settings from Section [PostProcessQuality@3] File [C:/Users/patri/Documents/Unreal Project for Jason/Wrath-of-the-Suicider/Wrath_of_Suicider/Saved/Config/Windows/Scalability.ini]
[2020.11.19-15.36.05:472][  0]LogConfig: Setting CVar [[r.MotionBlurQuality:4]]
[2020.11.19-15.36.05:472][  0]LogConfig: Setting CVar [[r.AmbientOcclusionMipLevelFactor:0.4]]
[2020.11.19-15.36.05:472][  0]LogConfig: Setting CVar [[r.AmbientOcclusionMaxQuality:100]]
[2020.11.19-15.36.05:472][  0]LogConfig: Setting CVar [[r.AmbientOcclusionLevels:-1]]
[2020.11.19-15.36.05:472][  0]LogConfig: Setting CVar [[r.AmbientOcclusionRadiusScale:1.0]]
[2020.11.19-15.36.05:472][  0]LogConfig: Setting CVar [[r.DepthOfFieldQuality:2]]
[2020.11.19-15.36.05:472][  0]LogConfig: Setting CVar [[r.RenderTargetPoolMin:400]]
[2020.11.19-15.36.05:472][  0]LogConfig: Setting CVar [[r.LensFlareQuality:2]]
[2020.11.19-15.36.05:472][  0]LogConfig: Setting CVar [[r.SceneColorFringeQuality:1]]
[2020.11.19-15.36.05:472][  0]LogConfig: Setting CVar [[r.EyeAdaptationQuality:2]]
[2020.11.19-15.36.05:472][  0]LogConfig: Setting CVar [[r.BloomQuality:5]]
[2020.11.19-15.36.05:472][  0]LogConfig: Setting CVar [[r.FastBlurThreshold:100]]
[2020.11.19-15.36.05:472][  0]LogConfig: Setting CVar [[r.Upscale.Quality:3]]
[2020.11.19-15.36.05:472][  0]LogConfig: Setting CVar [[r.Tonemapper.GrainQuantization:1]]
[2020.11.19-15.36.05:472][  0]LogConfig: Setting CVar [[r.LightShaftQuality:1]]
[2020.11.19-15.36.05:472][  0]LogConfig: Setting CVar [[r.Filter.SizeScale:1]]
[2020.11.19-15.36.05:472][  0]LogConfig: Setting CVar [[r.Tonemapper.Quality:5]]
[2020.11.19-15.36.05:472][  0]LogConfig: Setting CVar [[r.DOF.Gather.AccumulatorQuality:1        ; higher gathering accumulator quality]]
[2020.11.19-15.36.05:472][  0]LogConfig: Setting CVar [[r.DOF.Gather.PostfilterMethod:1          ; Median3x3 postfilering method]]
[2020.11.19-15.36.05:473][  0]LogConfig: Setting CVar [[r.DOF.Gather.EnableBokehSettings:0       ; no bokeh simulation when gathering]]
[2020.11.19-15.36.05:473][  0]LogConfig: Setting CVar [[r.DOF.Gather.RingCount:4                 ; medium number of samples when gathering]]
[2020.11.19-15.36.05:473][  0]LogConfig: Setting CVar [[r.DOF.Scatter.ForegroundCompositing:1    ; additive foreground scattering]]
[2020.11.19-15.36.05:473][  0]LogConfig: Setting CVar [[r.DOF.Scatter.BackgroundCompositing:2    ; additive background scattering]]
[2020.11.19-15.36.05:473][  0]LogConfig: Setting CVar [[r.DOF.Scatter.EnableBokehSettings:1      ; bokeh simulation when scattering]]
[2020.11.19-15.36.05:473][  0]LogConfig: Setting CVar [[r.DOF.Scatter.MaxSpriteRatio:0.1         ; only a maximum of 10% of scattered bokeh]]
[2020.11.19-15.36.05:473][  0]LogConfig: Setting CVar [[r.DOF.Recombine.Quality:1                ; cheap slight out of focus]]
[2020.11.19-15.36.05:473][  0]LogConfig: Setting CVar [[r.DOF.Recombine.EnableBokehSettings:0    ; no bokeh simulation on slight out of focus]]
[2020.11.19-15.36.05:473][  0]LogConfig: Setting CVar [[r.DOF.TemporalAAQuality:1                ; more stable temporal accumulation]]
[2020.11.19-15.36.05:473][  0]LogConfig: Setting CVar [[r.DOF.Kernel.MaxForegroundRadius:0.025]]
[2020.11.19-15.36.05:473][  0]LogConfig: Setting CVar [[r.DOF.Kernel.MaxBackgroundRadius:0.025]]
[2020.11.19-15.36.05:473][  0]LogConfig: Applying CVar settings from Section [TextureQuality@3] File [C:/Users/patri/Documents/Unreal Project for Jason/Wrath-of-the-Suicider/Wrath_of_Suicider/Saved/Config/Windows/Scalability.ini]
[2020.11.19-15.36.05:473][  0]LogConfig: Setting CVar [[r.Streaming.MipBias:0]]
[2020.11.19-15.36.05:473][  0]LogConfig: Setting CVar [[r.Streaming.AmortizeCPUToGPUCopy:0]]
[2020.11.19-15.36.05:473][  0]LogConfig: Setting CVar [[r.Streaming.MaxNumTexturesToStreamPerFrame:0]]
[2020.11.19-15.36.05:473][  0]LogConfig: Setting CVar [[r.Streaming.Boost:1]]
[2020.11.19-15.36.05:473][  0]LogConfig: Setting CVar [[r.MaxAnisotropy:8]]
[2020.11.19-15.36.05:473][  0]LogConfig: Setting CVar [[r.VT.MaxAnisotropy:8]]
[2020.11.19-15.36.05:473][  0]LogConfig: Setting CVar [[r.Streaming.LimitPoolSizeToVRAM:0]]
[2020.11.19-15.36.05:473][  0]LogConfig: Setting CVar [[r.Streaming.PoolSize:1000]]
[2020.11.19-15.36.05:473][  0]LogConfig: Setting CVar [[r.Streaming.MaxEffectiveScreenSize:0]]
[2020.11.19-15.36.05:473][  0]LogConfig: Applying CVar settings from Section [EffectsQuality@3] File [C:/Users/patri/Documents/Unreal Project for Jason/Wrath-of-the-Suicider/Wrath_of_Suicider/Saved/Config/Windows/Scalability.ini]
[2020.11.19-15.36.05:473][  0]LogConfig: Setting CVar [[r.TranslucencyLightingVolumeDim:64]]
[2020.11.19-15.36.05:473][  0]LogConfig: Setting CVar [[r.RefractionQuality:2]]
[2020.11.19-15.36.05:473][  0]LogConfig: Setting CVar [[r.SSR.Quality:3]]
[2020.11.19-15.36.05:473][  0]LogConfig: Setting CVar [[r.SSR.HalfResSceneColor:0]]
[2020.11.19-15.36.05:473][  0]LogConfig: Setting CVar [[r.SceneColorFormat:4]]
[2020.11.19-15.36.05:473][  0]LogConfig: Setting CVar [[r.DetailMode:2]]
[2020.11.19-15.36.05:473][  0]LogConfig: Setting CVar [[r.TranslucencyVolumeBlur:1]]
[2020.11.19-15.36.05:473][  0]LogConfig: Setting CVar [[r.MaterialQualityLevel:1 ; High quality]]
[2020.11.19-15.36.05:473][  0]LogConfig: Setting CVar [[r.SSS.Scale:1]]
[2020.11.19-15.36.05:473][  0]LogConfig: Setting CVar [[r.SSS.SampleSet:2]]
[2020.11.19-15.36.05:473][  0]LogConfig: Setting CVar [[r.SSS.Quality:1]]
[2020.11.19-15.36.05:473][  0]LogConfig: Setting CVar [[r.SSS.HalfRes:0]]
[2020.11.19-15.36.05:473][  0]LogConfig: Setting CVar [[r.SSGI.Quality:3]]
[2020.11.19-15.36.05:473][  0]LogConfig: Setting CVar [[r.EmitterSpawnRateScale:1.0]]
[2020.11.19-15.36.05:473][  0]LogConfig: Setting CVar [[r.ParticleLightQuality:2]]
[2020.11.19-15.36.05:473][  0]LogConfig: Setting CVar [[r.SkyAtmosphere.AerialPerspectiveLUT.FastApplyOnOpaque:1 ; Always have FastSkyLUT 1 in this case to avoid wrong sky]]
[2020.11.19-15.36.05:473][  0]LogConfig: Setting CVar [[r.SkyAtmosphere.AerialPerspectiveLUT.SampleCountPerSlice:1]]
[2020.11.19-15.36.05:473][  0]LogConfig: Setting CVar [[r.SkyAtmosphere.AerialPerspectiveLUT.DepthResolution:16.0]]
[2020.11.19-15.36.05:473][  0]LogConfig: Setting CVar [[r.SkyAtmosphere.FastSkyLUT:1]]
[2020.11.19-15.36.05:473][  0]LogConfig: Setting CVar [[r.SkyAtmosphere.FastSkyLUT.SampleCountMin:4.0]]
[2020.11.19-15.36.05:473][  0]LogConfig: Setting CVar [[r.SkyAtmosphere.FastSkyLUT.SampleCountMax:32.0]]
[2020.11.19-15.36.05:473][  0]LogConfig: Setting CVar [[r.SkyAtmosphere.SampleCountMin:4.0]]
[2020.11.19-15.36.05:473][  0]LogConfig: Setting CVar [[r.SkyAtmosphere.SampleCountMax:32.0]]
[2020.11.19-15.36.05:473][  0]LogConfig: Setting CVar [[r.SkyAtmosphere.TransmittanceLUT.UseSmallFormat:0]]
[2020.11.19-15.36.05:473][  0]LogConfig: Setting CVar [[r.SkyAtmosphere.TransmittanceLUT.SampleCount:10.0]]
[2020.11.19-15.36.05:473][  0]LogConfig: Setting CVar [[r.SkyAtmosphere.MultiScatteringLUT.SampleCount:15.0]]
[2020.11.19-15.36.05:473][  0]LogConfig: Applying CVar settings from Section [FoliageQuality@3] File [C:/Users/patri/Documents/Unreal Project for Jason/Wrath-of-the-Suicider/Wrath_of_Suicider/Saved/Config/Windows/Scalability.ini]
[2020.11.19-15.36.05:473][  0]LogConfig: Setting CVar [[foliage.DensityScale:1.0]]
[2020.11.19-15.36.05:473][  0]LogConfig: Setting CVar [[grass.DensityScale:1.0]]
[2020.11.19-15.36.05:473][  0]LogConfig: Applying CVar settings from Section [ShadingQuality@3] File [C:/Users/patri/Documents/Unreal Project for Jason/Wrath-of-the-Suicider/Wrath_of_Suicider/Saved/Config/Windows/Scalability.ini]
[2020.11.19-15.36.05:473][  0]LogConfig: Setting CVar [[r.HairStrands.SkyLighting.SampleCount:16]]
[2020.11.19-15.36.05:473][  0]LogConfig: Setting CVar [[r.HairStrands.SkyLighting.JitterIntegration:0]]
[2020.11.19-15.36.05:473][  0]LogConfig: Setting CVar [[r.HairStrands.SkyAO.SampleCount:16]]
[2020.11.19-15.36.05:473][  0]LogConfig: Setting CVar [[r.HairStrands.DeepShadow.SuperSampling:0]]
[2020.11.19-15.36.05:473][  0]LogConfig: Setting CVar [[r.HairStrands.VisibilityPPLL:0]]
[2020.11.19-15.36.05:473][  0]LogConfig: Setting CVar [[r.HairStrands.RasterizationScale:0.5]]
[2020.11.19-15.36.05:473][  0]LogConfig: Setting CVar [[r.HairStrands.VelocityRasterizationScale:1]]
[2020.11.19-15.36.05:473][  0]LogInit: Selected Device Profile: [Windows]
[2020.11.19-15.36.05:473][  0]LogInit: Applying CVar settings loaded from the selected device profile: [Windows]
[2020.11.19-15.36.05:473][  0]LogHAL: Display: Platform has ~ 16 GB [17066782720 / 17179869184 / 16], which maps to Larger [LargestMinGB=32, LargerMinGB=12, DefaultMinGB=8, SmallerMinGB=6, SmallestMinGB=0)
[2020.11.19-15.36.05:473][  0]LogInit: Going up to parent DeviceProfile []
[2020.11.19-15.36.05:473][  0]LogConfig: Applying CVar settings from Section [ViewDistanceQuality@3] File [C:/Users/patri/Documents/Unreal Project for Jason/Wrath-of-the-Suicider/Wrath_of_Suicider/Saved/Config/Windows/Scalability.ini]
[2020.11.19-15.36.05:473][  0]LogConfig: Setting CVar [[r.SkeletalMeshLODBias:0]]
[2020.11.19-15.36.05:473][  0]LogConfig: Setting CVar [[r.ViewDistanceScale:1.0]]
[2020.11.19-15.36.05:473][  0]LogConfig: Applying CVar settings from Section [AntiAliasingQuality@3] File [C:/Users/patri/Documents/Unreal Project for Jason/Wrath-of-the-Suicider/Wrath_of_Suicider/Saved/Config/Windows/Scalability.ini]
[2020.11.19-15.36.05:473][  0]LogConfig: Setting CVar [[r.PostProcessAAQuality:4]]
[2020.11.19-15.36.05:473][  0]LogConfig: Applying CVar settings from Section [ShadowQuality@3] File [C:/Users/patri/Documents/Unreal Project for Jason/Wrath-of-the-Suicider/Wrath_of_Suicider/Saved/Config/Windows/Scalability.ini]
[2020.11.19-15.36.05:473][  0]LogConfig: Setting CVar [[r.LightFunctionQuality:1]]
[2020.11.19-15.36.05:473][  0]LogConfig: Setting CVar [[r.ShadowQuality:5]]
[2020.11.19-15.36.05:473][  0]LogConfig: Setting CVar [[r.Shadow.CSM.MaxCascades:10]]
[2020.11.19-15.36.05:473][  0]LogConfig: Setting CVar [[r.Shadow.MaxResolution:2048]]
[2020.11.19-15.36.05:473][  0]LogConfig: Setting CVar [[r.Shadow.MaxCSMResolution:2048]]
[2020.11.19-15.36.05:473][  0]LogConfig: Setting CVar [[r.Shadow.RadiusThreshold:0.01]]
[2020.11.19-15.36.05:474][  0]LogConfig: Setting CVar [[r.Shadow.DistanceScale:1.0]]
[2020.11.19-15.36.05:474][  0]LogConfig: Setting CVar [[r.Shadow.CSM.TransitionScale:1.0]]
[2020.11.19-15.36.05:474][  0]LogConfig: Setting CVar [[r.Shadow.PreShadowResolutionFactor:1.0]]
[2020.11.19-15.36.05:474][  0]LogConfig: Setting CVar [[r.DistanceFieldShadowing:1]]
[2020.11.19-15.36.05:474][  0]LogConfig: Setting CVar [[r.DistanceFieldAO:1]]
[2020.11.19-15.36.05:474][  0]LogConfig: Setting CVar [[r.AOQuality:2]]
[2020.11.19-15.36.05:474][  0]LogConfig: Setting CVar [[r.VolumetricFog:1]]
[2020.11.19-15.36.05:474][  0]LogConfig: Setting CVar [[r.VolumetricFog.GridPixelSize:8]]
[2020.11.19-15.36.05:474][  0]LogConfig: Setting CVar [[r.VolumetricFog.GridSizeZ:128]]
[2020.11.19-15.36.05:474][  0]LogConfig: Setting CVar [[r.VolumetricFog.HistoryMissSupersampleCount:4]]
[2020.11.19-15.36.05:474][  0]LogConfig: Setting CVar [[r.LightMaxDrawDistanceScale:1]]
[2020.11.19-15.36.05:474][  0]LogConfig: Setting CVar [[r.CapsuleShadows:1]]
[2020.11.19-15.36.05:474][  0]LogConfig: Applying CVar settings from Section [PostProcessQuality@3] File [C:/Users/patri/Documents/Unreal Project for Jason/Wrath-of-the-Suicider/Wrath_of_Suicider/Saved/Config/Windows/Scalability.ini]
[2020.11.19-15.36.05:474][  0]LogConfig: Setting CVar [[r.MotionBlurQuality:4]]
[2020.11.19-15.36.05:474][  0]LogConfig: Setting CVar [[r.AmbientOcclusionMipLevelFactor:0.4]]
[2020.11.19-15.36.05:474][  0]LogConfig: Setting CVar [[r.AmbientOcclusionMaxQuality:100]]
[2020.11.19-15.36.05:474][  0]LogConfig: Setting CVar [[r.AmbientOcclusionLevels:-1]]
[2020.11.19-15.36.05:474][  0]LogConfig: Setting CVar [[r.AmbientOcclusionRadiusScale:1.0]]
[2020.11.19-15.36.05:474][  0]LogConfig: Setting CVar [[r.DepthOfFieldQuality:2]]
[2020.11.19-15.36.05:474][  0]LogConfig: Setting CVar [[r.RenderTargetPoolMin:400]]
[2020.11.19-15.36.05:474][  0]LogConfig: Setting CVar [[r.LensFlareQuality:2]]
[2020.11.19-15.36.05:474][  0]LogConfig: Setting CVar [[r.SceneColorFringeQuality:1]]
[2020.11.19-15.36.05:474][  0]LogConfig: Setting CVar [[r.EyeAdaptationQuality:2]]
[2020.11.19-15.36.05:474][  0]LogConfig: Setting CVar [[r.BloomQuality:5]]
[2020.11.19-15.36.05:474][  0]LogConfig: Setting CVar [[r.FastBlurThreshold:100]]
[2020.11.19-15.36.05:474][  0]LogConfig: Setting CVar [[r.Upscale.Quality:3]]
[2020.11.19-15.36.05:474][  0]LogConfig: Setting CVar [[r.Tonemapper.GrainQuantization:1]]
[2020.11.19-15.36.05:474][  0]LogConfig: Setting CVar [[r.LightShaftQuality:1]]
[2020.11.19-15.36.05:474][  0]LogConfig: Setting CVar [[r.Filter.SizeScale:1]]
[2020.11.19-15.36.05:474][  0]LogConfig: Setting CVar [[r.Tonemapper.Quality:5]]
[2020.11.19-15.36.05:474][  0]LogConfig: Setting CVar [[r.DOF.Gather.AccumulatorQuality:1        ; higher gathering accumulator quality]]
[2020.11.19-15.36.05:474][  0]LogConfig: Setting CVar [[r.DOF.Gather.PostfilterMethod:1          ; Median3x3 postfilering method]]
[2020.11.19-15.36.05:474][  0]LogConfig: Setting CVar [[r.DOF.Gather.EnableBokehSettings:0       ; no bokeh simulation when gathering]]
[2020.11.19-15.36.05:474][  0]LogConfig: Setting CVar [[r.DOF.Gather.RingCount:4                 ; medium number of samples when gathering]]
[2020.11.19-15.36.05:474][  0]LogConfig: Setting CVar [[r.DOF.Scatter.ForegroundCompositing:1    ; additive foreground scattering]]
[2020.11.19-15.36.05:474][  0]LogConfig: Setting CVar [[r.DOF.Scatter.BackgroundCompositing:2    ; additive background scattering]]
[2020.11.19-15.36.05:474][  0]LogConfig: Setting CVar [[r.DOF.Scatter.EnableBokehSettings:1      ; bokeh simulation when scattering]]
[2020.11.19-15.36.05:474][  0]LogConfig: Setting CVar [[r.DOF.Scatter.MaxSpriteRatio:0.1         ; only a maximum of 10% of scattered bokeh]]
[2020.11.19-15.36.05:474][  0]LogConfig: Setting CVar [[r.DOF.Recombine.Quality:1                ; cheap slight out of focus]]
[2020.11.19-15.36.05:474][  0]LogConfig: Setting CVar [[r.DOF.Recombine.EnableBokehSettings:0    ; no bokeh simulation on slight out of focus]]
[2020.11.19-15.36.05:474][  0]LogConfig: Setting CVar [[r.DOF.TemporalAAQuality:1                ; more stable temporal accumulation]]
[2020.11.19-15.36.05:474][  0]LogConfig: Setting CVar [[r.DOF.Kernel.MaxForegroundRadius:0.025]]
[2020.11.19-15.36.05:474][  0]LogConfig: Setting CVar [[r.DOF.Kernel.MaxBackgroundRadius:0.025]]
[2020.11.19-15.36.05:474][  0]LogConfig: Applying CVar settings from Section [TextureQuality@3] File [C:/Users/patri/Documents/Unreal Project for Jason/Wrath-of-the-Suicider/Wrath_of_Suicider/Saved/Config/Windows/Scalability.ini]
[2020.11.19-15.36.05:474][  0]LogConfig: Setting CVar [[r.Streaming.MipBias:0]]
[2020.11.19-15.36.05:474][  0]LogConfig: Setting CVar [[r.Streaming.AmortizeCPUToGPUCopy:0]]
[2020.11.19-15.36.05:474][  0]LogConfig: Setting CVar [[r.Streaming.MaxNumTexturesToStreamPerFrame:0]]
[2020.11.19-15.36.05:474][  0]LogConfig: Setting CVar [[r.Streaming.Boost:1]]
[2020.11.19-15.36.05:474][  0]LogConfig: Setting CVar [[r.MaxAnisotropy:8]]
[2020.11.19-15.36.05:474][  0]LogConfig: Setting CVar [[r.VT.MaxAnisotropy:8]]
[2020.11.19-15.36.05:474][  0]LogConfig: Setting CVar [[r.Streaming.LimitPoolSizeToVRAM:0]]
[2020.11.19-15.36.05:474][  0]LogConfig: Setting CVar [[r.Streaming.PoolSize:1000]]
[2020.11.19-15.36.05:474][  0]LogConfig: Setting CVar [[r.Streaming.MaxEffectiveScreenSize:0]]
[2020.11.19-15.36.05:474][  0]LogConfig: Applying CVar settings from Section [EffectsQuality@3] File [C:/Users/patri/Documents/Unreal Project for Jason/Wrath-of-the-Suicider/Wrath_of_Suicider/Saved/Config/Windows/Scalability.ini]
[2020.11.19-15.36.05:474][  0]LogConfig: Setting CVar [[r.TranslucencyLightingVolumeDim:64]]
[2020.11.19-15.36.05:474][  0]LogConfig: Setting CVar [[r.RefractionQuality:2]]
[2020.11.19-15.36.05:474][  0]LogConfig: Setting CVar [[r.SSR.Quality:3]]
[2020.11.19-15.36.05:474][  0]LogConfig: Setting CVar [[r.SSR.HalfResSceneColor:0]]
[2020.11.19-15.36.05:474][  0]LogConfig: Setting CVar [[r.SceneColorFormat:4]]
[2020.11.19-15.36.05:474][  0]LogConfig: Setting CVar [[r.DetailMode:2]]
[2020.11.19-15.36.05:474][  0]LogConfig: Setting CVar [[r.TranslucencyVolumeBlur:1]]
[2020.11.19-15.36.05:474][  0]LogConfig: Setting CVar [[r.MaterialQualityLevel:1 ; High quality]]
[2020.11.19-15.36.05:474][  0]LogConfig: Setting CVar [[r.SSS.Scale:1]]
[2020.11.19-15.36.05:474][  0]LogConfig: Setting CVar [[r.SSS.SampleSet:2]]
[2020.11.19-15.36.05:474][  0]LogConfig: Setting CVar [[r.SSS.Quality:1]]
[2020.11.19-15.36.05:474][  0]LogConfig: Setting CVar [[r.SSS.HalfRes:0]]
[2020.11.19-15.36.05:474][  0]LogConfig: Setting CVar [[r.SSGI.Quality:3]]
[2020.11.19-15.36.05:474][  0]LogConfig: Setting CVar [[r.EmitterSpawnRateScale:1.0]]
[2020.11.19-15.36.05:474][  0]LogConfig: Setting CVar [[r.ParticleLightQuality:2]]
[2020.11.19-15.36.05:474][  0]LogConfig: Setting CVar [[r.SkyAtmosphere.AerialPerspectiveLUT.FastApplyOnOpaque:1 ; Always have FastSkyLUT 1 in this case to avoid wrong sky]]
[2020.11.19-15.36.05:474][  0]LogConfig: Setting CVar [[r.SkyAtmosphere.AerialPerspectiveLUT.SampleCountPerSlice:1]]
[2020.11.19-15.36.05:474][  0]LogConfig: Setting CVar [[r.SkyAtmosphere.AerialPerspectiveLUT.DepthResolution:16.0]]
[2020.11.19-15.36.05:474][  0]LogConfig: Setting CVar [[r.SkyAtmosphere.FastSkyLUT:1]]
[2020.11.19-15.36.05:474][  0]LogConfig: Setting CVar [[r.SkyAtmosphere.FastSkyLUT.SampleCountMin:4.0]]
[2020.11.19-15.36.05:474][  0]LogConfig: Setting CVar [[r.SkyAtmosphere.FastSkyLUT.SampleCountMax:32.0]]
[2020.11.19-15.36.05:474][  0]LogConfig: Setting CVar [[r.SkyAtmosphere.SampleCountMin:4.0]]
[2020.11.19-15.36.05:474][  0]LogConfig: Setting CVar [[r.SkyAtmosphere.SampleCountMax:32.0]]
[2020.11.19-15.36.05:474][  0]LogConfig: Setting CVar [[r.SkyAtmosphere.TransmittanceLUT.UseSmallFormat:0]]
[2020.11.19-15.36.05:474][  0]LogConfig: Setting CVar [[r.SkyAtmosphere.TransmittanceLUT.SampleCount:10.0]]
[2020.11.19-15.36.05:474][  0]LogConfig: Setting CVar [[r.SkyAtmosphere.MultiScatteringLUT.SampleCount:15.0]]
[2020.11.19-15.36.05:474][  0]LogConfig: Applying CVar settings from Section [FoliageQuality@3] File [C:/Users/patri/Documents/Unreal Project for Jason/Wrath-of-the-Suicider/Wrath_of_Suicider/Saved/Config/Windows/Scalability.ini]
[2020.11.19-15.36.05:474][  0]LogConfig: Setting CVar [[foliage.DensityScale:1.0]]
[2020.11.19-15.36.05:474][  0]LogConfig: Setting CVar [[grass.DensityScale:1.0]]
[2020.11.19-15.36.05:474][  0]LogConfig: Applying CVar settings from Section [ShadingQuality@3] File [C:/Users/patri/Documents/Unreal Project for Jason/Wrath-of-the-Suicider/Wrath_of_Suicider/Saved/Config/Windows/Scalability.ini]
[2020.11.19-15.36.05:474][  0]LogConfig: Setting CVar [[r.HairStrands.SkyLighting.SampleCount:16]]
[2020.11.19-15.36.05:474][  0]LogConfig: Setting CVar [[r.HairStrands.SkyLighting.JitterIntegration:0]]
[2020.11.19-15.36.05:475][  0]LogConfig: Setting CVar [[r.HairStrands.SkyAO.SampleCount:16]]
[2020.11.19-15.36.05:475][  0]LogConfig: Setting CVar [[r.HairStrands.DeepShadow.SuperSampling:0]]
[2020.11.19-15.36.05:475][  0]LogConfig: Setting CVar [[r.HairStrands.VisibilityPPLL:0]]
[2020.11.19-15.36.05:475][  0]LogConfig: Setting CVar [[r.HairStrands.RasterizationScale:0.5]]
[2020.11.19-15.36.05:475][  0]LogConfig: Setting CVar [[r.HairStrands.VelocityRasterizationScale:1]]
[2020.11.19-15.36.05:475][  0]LogConfig: Applying CVar settings from Section [Startup] File [../../../Engine/Config/ConsoleVariables.ini]
[2020.11.19-15.36.05:475][  0]LogConfig: Setting CVar [[net.UseAdaptiveNetUpdateFrequency:0]]
[2020.11.19-15.36.05:475][  0]LogConfig: Setting CVar [[p.chaos.AllowCreatePhysxBodies:1]]
[2020.11.19-15.36.05:475][  0]LogConfig: Setting CVar [[fx.SkipVectorVMBackendOptimizations:1]]
[2020.11.19-15.36.05:475][  0]LogConfig: Applying CVar settings from Section [ConsoleVariables] File [C:/Users/patri/Documents/Unreal Project for Jason/Wrath-of-the-Suicider/Wrath_of_Suicider/Saved/Config/Windows/Engine.ini]
[2020.11.19-15.36.05:475][  0]LogInit: Computer: DESKTOP-2MT95C4
[2020.11.19-15.36.05:475][  0]LogInit: User: patri
[2020.11.19-15.36.05:475][  0]LogInit: CPU Page size=4096, Cores=6
[2020.11.19-15.36.05:475][  0]LogInit: High frequency timer resolution =10.000000 MHz
[2020.11.19-15.36.05:475][  0]LogMemory: Memory total: Physical=15.9GB (16GB approx)
[2020.11.19-15.36.05:475][  0]LogMemory: Platform Memory Stats for Windows
[2020.11.19-15.36.05:475][  0]LogMemory: Process Physical Memory: 119.02 MB used, 119.03 MB peak
[2020.11.19-15.36.05:475][  0]LogMemory: Process Virtual Memory: 113.38 MB used, 113.38 MB peak
[2020.11.19-15.36.05:475][  0]LogMemory: Physical Memory: 4126.52 MB used,  12149.64 MB free, 16276.15 MB total
[2020.11.19-15.36.05:475][  0]LogMemory: Virtual Memory: 5181.67 MB used,  134212544.00 MB free, 134217728.00 MB total
[2020.11.19-15.36.05:479][  0]LogWindows: WindowsPlatformFeatures enabled
[2020.11.19-15.36.05:503][  0]LogInit: Physics initialised using underlying interface: PhysX
[2020.11.19-15.36.05:504][  0]LogInit: Using OS detected language (en-US).
[2020.11.19-15.36.05:504][  0]LogInit: Using OS detected locale (en-US).
[2020.11.19-15.36.05:508][  0]LogTextLocalizationManager: No specific localization for 'en-US' exists, so the 'en' localization will be used.
[2020.11.19-15.36.05:662][  0]LogInit: Setting process to per monitor DPI aware
[2020.11.19-15.36.05:715][  0]LogSlate: New Slate User Created.  User Index 0, Is Virtual User: 0
[2020.11.19-15.36.05:715][  0]LogSlate: Slate User Registered.  User Index 0, Is Virtual User: 0
[2020.11.19-15.36.05:822][  0]LogHMD: Failed to initialize OpenVR with code 110
[2020.11.19-15.36.05:822][  0]LogD3D11RHI: D3D11 min allowed feature level: 11_0
[2020.11.19-15.36.05:822][  0]LogD3D11RHI: D3D11 max allowed feature level: 11_0
[2020.11.19-15.36.05:822][  0]LogD3D11RHI: D3D11 adapters:
[2020.11.19-15.36.05:905][  0]LogD3D11RHI:    0. 'Radeon Pro 560X' (Feature Level 11_0)
[2020.11.19-15.36.05:905][  0]LogD3D11RHI:       4041/0/8138 MB DedicatedVideo/DedicatedSystem/SharedSystem, Outputs:1, VendorId:0x1002
[2020.11.19-15.36.05:909][  0]LogD3D11RHI:    1. 'Microsoft Basic Render Driver' (Feature Level 11_0)
[2020.11.19-15.36.05:909][  0]LogD3D11RHI:       0/0/8138 MB DedicatedVideo/DedicatedSystem/SharedSystem, Outputs:0, VendorId:0x1414
[2020.11.19-15.36.05:909][  0]LogD3D11RHI: Chosen D3D11 Adapter: 0
[2020.11.19-15.36.05:915][  0]LogD3D11RHI: Creating new Direct3DDevice
[2020.11.19-15.36.05:915][  0]LogD3D11RHI:     GPU DeviceId: 0x67ef (for the marketing name, search the web for "GPU Device Id")
[2020.11.19-15.36.05:915][  0]LogWindows: EnumDisplayDevices:
[2020.11.19-15.36.05:915][  0]LogWindows:    0. 'Radeon Pro 560X' (P:1 D:1)
[2020.11.19-15.36.05:915][  0]LogWindows:    1. 'Radeon Pro 560X' (P:0 D:0)
[2020.11.19-15.36.05:916][  0]LogWindows:    2. 'Radeon Pro 560X' (P:0 D:0)
[2020.11.19-15.36.05:916][  0]LogWindows:    3. 'Radeon Pro 560X' (P:0 D:0)
[2020.11.19-15.36.05:916][  0]LogWindows:    4. 'Radeon Pro 560X' (P:0 D:0)
[2020.11.19-15.36.05:916][  0]LogWindows:    5. 'Radeon Pro 560X' (P:0 D:0)
[2020.11.19-15.36.05:917][  0]LogWindows:    6. 'Radeon Pro 560X' (P:0 D:0)
[2020.11.19-15.36.05:917][  0]LogWindows: DebugString: FoundDriverCount:7 
[2020.11.19-15.36.05:917][  0]LogD3D11RHI:     Adapter Name: Radeon Pro 560X
[2020.11.19-15.36.05:917][  0]LogD3D11RHI:   Driver Version: Adrenalin 19.30.01.33 (internal:26.20.13001.33012, unified:26.20.13001.33012)
[2020.11.19-15.36.05:917][  0]LogD3D11RHI:      Driver Date: 11-21-2019
[2020.11.19-15.36.05:917][  0]LogRHI: Texture pool is 2404 MB (70% of 3434 MB)
[2020.11.19-15.36.06:002][  0]LogD3D11RHI: RHI does not have support for 64 bit atomics
[2020.11.19-15.36.06:002][  0]LogD3D11RHI: Async texture creation enabled
[2020.11.19-15.36.06:002][  0]LogD3D11RHI: Array index from any shader is supported
[2020.11.19-15.36.06:021][  0]LogD3D11RHI: GPU Timing Frequency: 25.000000 (Debug: 2 1)
[2020.11.19-15.36.06:263][  0]LogTargetPlatformManager: Display: Loaded TargetPlatform 'AllDesktop'
[2020.11.19-15.36.06:282][  0]LogTargetPlatformManager: Display: Loaded TargetPlatform 'Android'
[2020.11.19-15.36.06:282][  0]LogTargetPlatformManager: Display: Loaded TargetPlatform 'Android_ASTC'
[2020.11.19-15.36.06:282][  0]LogTargetPlatformManager: Display: Loaded TargetPlatform 'Android_DXT'
[2020.11.19-15.36.06:282][  0]LogTargetPlatformManager: Display: Loaded TargetPlatform 'Android_ETC2'
[2020.11.19-15.36.06:282][  0]LogTargetPlatformManager: Display: Loaded TargetPlatform 'AndroidClient'
[2020.11.19-15.36.06:282][  0]LogTargetPlatformManager: Display: Loaded TargetPlatform 'Android_ASTCClient'
[2020.11.19-15.36.06:282][  0]LogTargetPlatformManager: Display: Loaded TargetPlatform 'Android_DXTClient'
[2020.11.19-15.36.06:282][  0]LogTargetPlatformManager: Display: Loaded TargetPlatform 'Android_ETC2Client'
[2020.11.19-15.36.06:282][  0]LogTargetPlatformManager: Display: Loaded TargetPlatform 'Android_Multi'
[2020.11.19-15.36.06:282][  0]LogTargetPlatformManager: Display: Loaded TargetPlatform 'Android_MultiClient'
[2020.11.19-15.36.06:303][  0]LogTargetPlatformManager: Display: Loaded TargetPlatform 'IOSClient'
[2020.11.19-15.36.06:303][  0]LogTargetPlatformManager: Display: Loaded TargetPlatform 'IOS'
[2020.11.19-15.36.06:312][  0]LogTargetPlatformManager: Display: Loaded TargetPlatform 'Linux'
[2020.11.19-15.36.06:321][  0]LogTargetPlatformManager: Display: Loaded TargetPlatform 'LinuxNoEditor'
[2020.11.19-15.36.06:330][  0]LogTargetPlatformManager: Display: Loaded TargetPlatform 'LinuxClient'
[2020.11.19-15.36.06:338][  0]LogTargetPlatformManager: Display: Loaded TargetPlatform 'LinuxServer'
[2020.11.19-15.36.06:346][  0]LogTargetPlatformManager: Display: Loaded TargetPlatform 'LinuxAArch64NoEditor'
[2020.11.19-15.36.06:355][  0]LogTargetPlatformManager: Display: Loaded TargetPlatform 'LinuxAArch64Client'
[2020.11.19-15.36.06:363][  0]LogTargetPlatformManager: Display: Loaded TargetPlatform 'LinuxAArch64Server'
[2020.11.19-15.36.06:387][  0]LogTargetPlatformManager: Display: Loaded TargetPlatform 'Lumin'
[2020.11.19-15.36.06:387][  0]LogTargetPlatformManager: Display: Loaded TargetPlatform 'LuminClient'
[2020.11.19-15.36.06:402][  0]LogTargetPlatformManager: Display: Loaded TargetPlatform 'TVOSClient'
[2020.11.19-15.36.06:402][  0]LogTargetPlatformManager: Display: Loaded TargetPlatform 'TVOS'
[2020.11.19-15.36.06:410][  0]LogTargetPlatformManager: Display: Loaded TargetPlatform 'WindowsNoEditor'
[2020.11.19-15.36.06:419][  0]LogTargetPlatformManager: Display: Loaded TargetPlatform 'Windows'
[2020.11.19-15.36.06:428][  0]LogTargetPlatformManager: Display: Loaded TargetPlatform 'WindowsClient'
[2020.11.19-15.36.06:436][  0]LogTargetPlatformManager: Display: Loaded TargetPlatform 'WindowsServer'
[2020.11.19-15.36.06:436][  0]LogTargetPlatformManager: Display: Building Assets For Windows
[2020.11.19-15.36.06:443][  0]LogAudioDebug: Display: Lib vorbis DLL was dynamically loaded.
[2020.11.19-15.36.06:493][  0]LogShaderCompilers: Guid format shader working directory is -58 characters bigger than the processId version (../../../../../../Users/patri/Documents/Unreal Project for Jason/Wrath-of-the-Suicider/Wrath_of_Suicider/Intermediate/Shaders/WorkingDirectory/6536/).
[2020.11.19-15.36.06:493][  0]LogShaderCompilers: Cleaned the shader compiler working directory 'C:/Users/patri/AppData/Local/Temp/UnrealShaderWorkingDir/75AB0BD34E14F188A8EB38AEAEC7B730/'.
[2020.11.19-15.36.06:493][  0]LogXGEController: Cannot use XGE Controller as Incredibuild is not installed on this machine.
[2020.11.19-15.36.06:493][  0]LogShaderCompilers: Cannot use XGE Shader Compiler as Incredibuild is not installed on this machine.
[2020.11.19-15.36.06:493][  0]LogShaderCompilers: Display: Using Local Shader Compiler.
[2020.11.19-15.36.07:151][  0]LogDerivedDataCache: Display: Max Cache Size: 512 MB
[2020.11.19-15.36.07:197][  0]LogDerivedDataCache: Loaded boot cache 0.05s 76MB C:/Users/patri/AppData/Local/UnrealEngine/4.25/DerivedDataCache/Boot.ddc.
[2020.11.19-15.36.07:197][  0]LogDerivedDataCache: Display: Loaded Boot cache: C:/Users/patri/AppData/Local/UnrealEngine/4.25/DerivedDataCache/Boot.ddc
[2020.11.19-15.36.07:197][  0]LogDerivedDataCache: FDerivedDataBackendGraph:  Pak pak cache file ../../../../../../Users/patri/Documents/Unreal Project for Jason/Wrath-of-the-Suicider/Wrath_of_Suicider/DerivedDataCache/DDC.ddp not found, will not use a pak cache.
[2020.11.19-15.36.07:197][  0]LogDerivedDataCache: Unable to find inner node Pak for hierarchical cache Hierarchy.
[2020.11.19-15.36.07:197][  0]LogDerivedDataCache: FDerivedDataBackendGraph:  CompressedPak pak cache file ../../../../../../Users/patri/Documents/Unreal Project for Jason/Wrath-of-the-Suicider/Wrath_of_Suicider/DerivedDataCache/Compressed.ddp not found, will not use a pak cache.
[2020.11.19-15.36.07:197][  0]LogDerivedDataCache: Unable to find inner node CompressedPak for hierarchical cache Hierarchy.
[2020.11.19-15.36.07:207][  0]LogDerivedDataCache: Display: Pak cache opened for reading ../../../Engine/DerivedDataCache/Compressed.ddp.
[2020.11.19-15.36.07:207][  0]LogDerivedDataCache: FDerivedDataBackendGraph:  EnterprisePak pak cache file ../../../Enterprise/DerivedDataCache/Compressed.ddp not found, will not use a pak cache.
[2020.11.19-15.36.07:207][  0]LogDerivedDataCache: Unable to find inner node EnterprisePak for hierarchical cache Hierarchy.
[2020.11.19-15.36.07:208][  0]LogDerivedDataCache: Using Local data cache path C:/Users/patri/AppData/Local/UnrealEngine/Common/DerivedDataCache: Writable
[2020.11.19-15.36.07:208][  0]LogDerivedDataCache: Shared data cache path not found in *engine.ini, will not use an Shared cache.
[2020.11.19-15.36.07:209][  0]LogDerivedDataCache: Unable to find inner node Shared for hierarchical cache Hierarchy.
[2020.11.19-15.36.07:254][  0]LogSlate: Using FreeType 2.10.0
[2020.11.19-15.36.07:254][  0]LogSlate: SlateFontServices - WITH_FREETYPE: 1, WITH_HARFBUZZ: 1
[2020.11.19-15.36.07:275][  0]LogAssetRegistry: FAssetRegistry took 0.0023 seconds to start up
[2020.11.19-15.36.07:467][  0]LogInit: Selected Device Profile: [Windows]
[2020.11.19-15.36.07:561][  0]LogMeshReduction: Using QuadricMeshReduction for automatic static mesh reduction
[2020.11.19-15.36.07:561][  0]LogMeshReduction: Using SimplygonMeshReduction for automatic skeletal mesh reduction
[2020.11.19-15.36.07:561][  0]LogMeshReduction: Using ProxyLODMeshReduction for automatic mesh merging
[2020.11.19-15.36.07:561][  0]LogMeshReduction: No distributed automatic mesh merging module available
[2020.11.19-15.36.07:561][  0]LogMeshMerging: No distributed automatic mesh merging module available
[2020.11.19-15.36.07:574][  0]LogNetVersion: Wrath_of_Suicider 1.0.0, NetCL: 13144385, EngineNetVer: 14, GameNetVer: 0 (Checksum: 4142404147)
[2020.11.19-15.36.07:973][  0]LogAISub: UAISubsystem::UAISubsystem AISubsystem (000002B60DBCDBC0), frame # 0
[2020.11.19-15.36.07:973][  0]LogAISub: UAISubsystem::UAISubsystem AIPerceptionSystem (000002B60DB0BB00), frame # 0
[2020.11.19-15.36.07:974][  0]LogAISub: UAISubsystem::UAISubsystem EnvQueryManager (000002B60DB71E00), frame # 0
[2020.11.19-15.36.08:034][  0]LogPackageLocalizationCache: Processed 20 localized package path(s) for 1 prioritized culture(s) in 0.055111 seconds
[2020.11.19-15.36.08:039][  0]LogUObjectArray: 15917 objects as part of root set at end of initial load.
[2020.11.19-15.36.08:039][  0]LogUObjectAllocator: 3965568 out of 0 bytes used by permanent object pool.
[2020.11.19-15.36.08:039][  0]LogUObjectArray: CloseDisregardForGC: 0/0 objects in disregard for GC pool
[2020.11.19-15.36.08:320][  0]LogTcpMessaging: Initializing TcpMessaging bridge
[2020.11.19-15.36.08:324][  0]LogUdpMessaging: Initializing bridge on interface 0.0.0.0:0 to multicast group 230.0.0.1:6666.
[2020.11.19-15.36.08:402][  0]SourceControl: Source control is disabled
[2020.11.19-15.36.08:402][  0]SourceControl: Source control is disabled
[2020.11.19-15.36.08:406][  0]SourceControl: Source control is disabled
[2020.11.19-15.36.08:408][  0]SourceControl: Source control is disabled
[2020.11.19-15.36.08:414][  0]SourceControl: Source control is disabled
[2020.11.19-15.36.08:614][  0]LogAndroidPermission: UAndroidPermissionCallbackProxy::GetInstance
[2020.11.19-15.36.08:630][  0]LogAudioCaptureCore: Display: No Audio Capture implementations found. Audio input will be silent.
[2020.11.19-15.36.08:630][  0]LogAudioCaptureCore: Display: No Audio Capture implementations found. Audio input will be silent.
[2020.11.19-15.36.08:670][  0]LogOcInput: OculusInput pre-init called
[2020.11.19-15.36.08:678][  0]LogWindows: Failed to load 'OVRPlugin.dll' (GetLastError=126)
[2020.11.19-15.36.08:678][  0]LogWindows: File 'OVRPlugin.dll' does not exist
[2020.11.19-15.36.08:730][  0]LogEngine: Initializing Engine...
[2020.11.19-15.36.08:732][  0]LogHMD: Failed to initialize OpenVR with code 110
[2020.11.19-15.36.08:732][  0]LogMagicLeap: Warning: VR disabled because ZI is not enabled.  To enable, in the editor, Edit -> Project Settings -> Plugins -> Magic Leap Plugin -> Enable Zero Iteration
[2020.11.19-15.36.08:733][  0]LogStats: UGameplayTagsManager::InitializeManager -  0.000 s
[2020.11.19-15.36.08:832][  0]LogInit: Initializing FReadOnlyCVARCache
[2020.11.19-15.36.08:840][  0]LogAIModule: Creating AISystem for world Untitled
[2020.11.19-15.36.08:840][  0]LogAISub: UAISubsystem::UAISubsystem EnvQueryManager (000002B629013C00), frame # 0
[2020.11.19-15.36.08:840][  0]LogAISub: UAISubsystem::UAISubsystem AIPerceptionSystem (000002B629052980), frame # 0
[2020.11.19-15.36.08:865][  0]LogAudioMixer: Display: Audio Mixer Platform Settings:
[2020.11.19-15.36.08:865][  0]LogAudioMixer: Display: 	Sample Rate:						  48000
[2020.11.19-15.36.08:865][  0]LogAudioMixer: Display: 	Callback Buffer Frame Size Requested: 1024
[2020.11.19-15.36.08:865][  0]LogAudioMixer: Display: 	Callback Buffer Frame Size To Use:	  1024
[2020.11.19-15.36.08:865][  0]LogAudioMixer: Display: 	Number of buffers to queue:			  2
[2020.11.19-15.36.08:865][  0]LogAudioMixer: Display: 	Max Channels (voices):				  32
[2020.11.19-15.36.08:865][  0]LogAudioMixer: Display: 	Number of Async Source Workers:		  0
[2020.11.19-15.36.08:865][  0]LogAudio: Display: AudioDevice MaxSources: 32
[2020.11.19-15.36.08:865][  0]LogAudio: Display: Using built-in audio occlusion.
[2020.11.19-15.36.08:865][  0]LogAudioMixer: Display: Initializing audio mixer.
[2020.11.19-15.36.08:877][  0]LogAudioMixer: Display: 0: FrontLeft
[2020.11.19-15.36.08:877][  0]LogAudioMixer: Display: 1: FrontRight
[2020.11.19-15.36.08:958][  0]LogAudioMixer: Display: Using Audio Device Speakers (Apple Audio Device)
[2020.11.19-15.36.08:961][  0]LogAudioMixer: Display: Initializing Sound Submixes...
[2020.11.19-15.36.08:963][  0]LogAudioMixer: Display: Creating Master Submix 'MasterSubmixDefault'
[2020.11.19-15.36.08:963][  0]LogAudioMixer: Display: Creating Master Submix 'MasterReverbSubmixDefault'
[2020.11.19-15.36.08:965][  0]LogAudioMixer: Display: Creating Master Submix 'MasterEQSubmixDefault'
[2020.11.19-15.36.08:966][  0]LogInit: FAudioDevice initialized.
[2020.11.19-15.36.08:966][  0]LogNetVersion: Set ProjectVersion to 1.0.0.0. Version Checksum will be recalculated on next use.
[2020.11.19-15.36.09:031][  0]LogDerivedDataCache: Saved boot cache 0.06s 76MB C:/Users/patri/AppData/Local/UnrealEngine/4.25/DerivedDataCache/Boot.ddc.
[2020.11.19-15.36.09:036][  0]LogInit: Texture streaming: Enabled
[2020.11.19-15.36.09:054][  0]LogEngineSessionManager: EngineSessionManager initialized
[2020.11.19-15.36.09:054][  0]LogEditorSessionSummary: Verbose: Initializing EditorSessionSummaryWriter for editor session tracking
[2020.11.19-15.36.09:057][  0]LogEditorSessionSummary: EditorSessionSummaryWriter initialized
[2020.11.19-15.36.09:117][  0]LogInit: Transaction tracking system initialized
[2020.11.19-15.36.09:135][  0]BlueprintLog: New page: Editor Load
[2020.11.19-15.36.09:199][  0]LocalizationService: Localization service is disabled
[2020.11.19-15.36.09:334][  0]LogCook: Display: Max memory allowance for cook 16384mb min free memory 0mb
[2020.11.19-15.36.09:334][  0]LogCook: Display: Mobile HDR setting 1
[2020.11.19-15.36.09:446][  0]LogFileCache: Scanning file cache for directory 'C:/Users/patri/Documents/Unreal Project for Jason/Wrath-of-the-Suicider/Wrath_of_Suicider/Content/' took 0.00s
[2020.11.19-15.36.09:628][  0]SourceControl: Source control is disabled
[2020.11.19-15.36.09:628][  0]LogUnrealEdMisc: Loading editor; pre map load, took 5.635
[2020.11.19-15.36.09:630][  0]LightingResults: New page: Lighting Build
[2020.11.19-15.36.09:631][  0]LogWorld: UWorld::CleanupWorld for Untitled, bSessionEnded=true, bCleanupResources=true
[2020.11.19-15.36.09:631][  0]LogSlate: InvalidateAllWidgets triggered.  All widgets were invalidated
[2020.11.19-15.36.09:631][  0]MapCheck: New page: Map Check
[2020.11.19-15.36.09:631][  0]LightingResults: New page: Lighting Build
[2020.11.19-15.36.09:642][  0]LogAISub: UAISubsystem::~UAISubsystem EnvQueryManager (000002B629013C00), frame # 0
[2020.11.19-15.36.09:642][  0]LogAISub: UAISubsystem::~UAISubsystem AIPerceptionSystem (000002B629052980), frame # 0
[2020.11.19-15.36.09:642][  0]LogUObjectHash: Compacting FUObjectHashTables data took   0.62ms
[2020.11.19-15.36.10:186][  0]LogAIModule: Creating AISystem for world TopDownExampleMap
[2020.11.19-15.36.10:186][  0]LogAISub: UAISubsystem::UAISubsystem EnvQueryManager (000002B61ACB8C00), frame # 0
[2020.11.19-15.36.10:186][  0]LogAISub: UAISubsystem::UAISubsystem AIPerceptionSystem (000002B61AC7FB00), frame # 0
[2020.11.19-15.36.10:252][  0]LogEditorServer: Finished looking for orphan Actors (0.000 secs)
[2020.11.19-15.36.10:253][  0]LogNavigationDataBuild: Display:    Building NavData:  Name Default class /Script/NavigationSystem.RecastNavMesh agent radius 35.0.
[2020.11.19-15.36.10:288][  0]LogUObjectHash: Compacting FUObjectHashTables data took   0.82ms
[2020.11.19-15.36.10:288][  0]Cmd: MAP CHECKDEP NOCLEARLOG
[2020.11.19-15.36.10:288][  0]MapCheck: Map check complete: 0 Error(s), 0 Warning(s), took 0.135ms to complete.
[2020.11.19-15.36.10:288][  0]LogFileHelpers: Loading map 'TopDownExampleMap' took 0.660
[2020.11.19-15.36.10:290][  0]LogUnrealEdMisc: Total Editor Startup Time, took 6.297
[2020.11.19-15.36.10:504][  0]LogSlate: Updating window title bar state: overlay mode, drag disabled, window buttons hidden, title bar hidden
[2020.11.19-15.36.10:512][  0]LogSlate: Updating window title bar state: overlay mode, drag disabled, window buttons hidden, title bar hidden
[2020.11.19-15.36.10:521][  0]LogSlate: Updating window title bar state: overlay mode, drag disabled, window buttons hidden, title bar hidden
[2020.11.19-15.36.10:528][  0]LogSlate: Updating window title bar state: overlay mode, drag disabled, window buttons hidden, title bar hidden
[2020.11.19-15.36.10:547][  0]LogCollectionManager: Loaded 0 collections in 0.001981 seconds
[2020.11.19-15.36.10:597][  0]LogFileCache: Scanning file cache for directory 'C:/Users/patri/Documents/Unreal Project for Jason/Wrath-of-the-Suicider/Wrath_of_Suicider/Saved/Collections/' took 0.00s
[2020.11.19-15.36.10:598][  0]LogFileCache: Scanning file cache for directory 'C:/Users/patri/Documents/Unreal Project for Jason/Wrath-of-the-Suicider/Wrath_of_Suicider/Content/Developers/patri/Collections/' took 0.00s
[2020.11.19-15.36.10:598][  0]LogFileCache: Scanning file cache for directory 'C:/Users/patri/Documents/Unreal Project for Jason/Wrath-of-the-Suicider/Wrath_of_Suicider/Content/Collections/' took 0.00s
[2020.11.19-15.36.10:598][  0]LogContentBrowser: Native class hierarchy populated in 0.0115 seconds. Added 3429 classes and 827 folders.
[2020.11.19-15.36.10:607][  0]LogContentBrowser: Native class hierarchy updated for 'WidgetCarousel' in 0.0003 seconds. Added 0 classes and 0 folders.
[2020.11.19-15.36.10:757][  0]LogContentBrowser: Native class hierarchy updated for 'AddContentDialog' in 0.0003 seconds. Added 0 classes and 0 folders.
[2020.11.19-15.36.10:766][  0]LogContentBrowser: Native class hierarchy updated for 'SceneOutliner' in 0.0003 seconds. Added 2 classes and 0 folders.
[2020.11.19-15.36.10:866][  0]LogContentBrowser: Native class hierarchy updated for 'HierarchicalLODOutliner' in 0.0003 seconds. Added 0 classes and 0 folders.
[2020.11.19-15.36.10:866][  0]LogLoad: (Engine Initialization) Total time: 6.87 seconds
[2020.11.19-15.36.10:866][  0]LogLoad: (Engine Initialization) Total Blueprint compile time: 0.00 seconds
[2020.11.19-15.36.10:922][  0]LogAssetRegistry: Asset discovery search completed in 3.6480 seconds
[2020.11.19-15.36.10:926][  0]LogCollectionManager: Fixed up redirectors for 0 collections in 0.000003 seconds (updated 0 objects)
[2020.11.19-15.36.10:929][  0]LogContentStreaming: Texture pool size now 1000 MB
[2020.11.19-15.36.10:937][  0]LogSlate: Took 0.000132 seconds to synchronously load lazily loaded font '../../../Engine/Content/Slate/Fonts/Roboto-Regular.ttf' (155K)
[2020.11.19-15.36.10:938][  0]LogSlate: Took 0.000086 seconds to synchronously load lazily loaded font '../../../Engine/Content/Slate/Fonts/Roboto-Bold.ttf' (160K)
[2020.11.19-15.36.10:944][  0]LogSlate: Took 0.000727 seconds to synchronously load lazily loaded font '../../../Engine/Content/Editor/Slate/Fonts/FontAwesome.ttf' (139K)
[2020.11.19-15.36.11:037][  1]LogRenderer: Reallocating scene render targets to support 940x396 Format 10 NumSamples 1 (Frame:1).
[2020.11.19-15.36.11:038][  1]LogFileCache: Retrieving MD5 hashes for directory 'C:/Users/patri/Documents/Unreal Project for Jason/Wrath-of-the-Suicider/Wrath_of_Suicider/Content/' took 0.15s
[2020.11.19-15.36.12:036][ 40]LogRenderer: Reallocating scene render targets to support 940x408 Format 10 NumSamples 1 (Frame:1).
[2020.11.19-15.36.29:311][ 47]LogTemp: Repeating last play command: Selected Viewport
[2020.11.19-15.36.29:340][ 47]LogPlayLevel: PlayLevel: No blueprints needed recompiling
[2020.11.19-15.36.29:345][ 47]PIE: New page: PIE session: TopDownExampleMap (Nov 19, 2020, 5:36:29 AM)
[2020.11.19-15.36.29:347][ 47]LogOnline: OSS: Creating online subsystem instance for: NULL
[2020.11.19-15.36.29:354][ 47]LogOnline: OSS: TryLoadSubsystemAndSetDefault: Loaded subsystem for module [NULL]
[2020.11.19-15.36.29:354][ 47]LogPlayLevel: Creating play world package: /Game/TopDownBP/Maps/UEDPIE_0_TopDownExampleMap
[2020.11.19-15.36.29:375][ 47]LogPlayLevel: PIE: StaticDuplicateObject took: (0.020473s)
[2020.11.19-15.36.29:377][ 47]LogAIModule: Creating AISystem for world TopDownExampleMap
[2020.11.19-15.36.29:377][ 47]LogAISub: UAISubsystem::UAISubsystem EnvQueryManager (000002B646096000), frame # 1047
[2020.11.19-15.36.29:377][ 47]LogAISub: UAISubsystem::UAISubsystem AIPerceptionSystem (000002B6143187C0), frame # 1047
[2020.11.19-15.36.29:377][ 47]LogPlayLevel: PIE: World Init took: (0.001857s)
[2020.11.19-15.36.29:377][ 47]LogPlayLevel: PIE: Created PIE world by copying editor world from /Game/TopDownBP/Maps/TopDownExampleMap.TopDownExampleMap to /Game/TopDownBP/Maps/UEDPIE_0_TopDownExampleMap.TopDownExampleMap (0.022626s)
[2020.11.19-15.36.29:395][ 47]LogUObjectHash: Compacting FUObjectHashTables data took   0.85ms
[2020.11.19-15.36.29:397][ 47]LogAudioMixer: Display: Audio Mixer Platform Settings:
[2020.11.19-15.36.29:397][ 47]LogAudioMixer: Display: 	Sample Rate:						  48000
[2020.11.19-15.36.29:397][ 47]LogAudioMixer: Display: 	Callback Buffer Frame Size Requested: 1024
[2020.11.19-15.36.29:397][ 47]LogAudioMixer: Display: 	Callback Buffer Frame Size To Use:	  1024
[2020.11.19-15.36.29:397][ 47]LogAudioMixer: Display: 	Number of buffers to queue:			  2
[2020.11.19-15.36.29:397][ 47]LogAudioMixer: Display: 	Max Channels (voices):				  32
[2020.11.19-15.36.29:397][ 47]LogAudioMixer: Display: 	Number of Async Source Workers:		  0
[2020.11.19-15.36.29:397][ 47]LogAudio: Display: AudioDevice MaxSources: 32
[2020.11.19-15.36.29:397][ 47]LogAudio: Display: Using built-in audio occlusion.
[2020.11.19-15.36.29:397][ 47]LogAudioMixer: Display: Initializing audio mixer.
[2020.11.19-15.36.29:402][ 47]LogAudioMixer: Display: 0: FrontLeft
[2020.11.19-15.36.29:402][ 47]LogAudioMixer: Display: 1: FrontRight
[2020.11.19-15.36.29:423][ 47]LogAudioMixer: Display: Using Audio Device Speakers (Apple Audio Device)
[2020.11.19-15.36.29:423][ 47]LogAudioMixer: Display: Initializing Sound Submixes...
[2020.11.19-15.36.29:423][ 47]LogAudioMixer: Display: Creating Master Submix 'MasterSubmixDefault'
[2020.11.19-15.36.29:423][ 47]LogAudioMixer: Display: Creating Master Submix 'MasterReverbSubmixDefault'
[2020.11.19-15.36.29:424][ 47]LogAudioMixer: Display: Creating Master Submix 'MasterEQSubmixDefault'
[2020.11.19-15.36.29:439][ 47]LogInit: FAudioDevice initialized.
[2020.11.19-15.36.29:448][ 47]LogLoad: Game class is 'TopDownGameMode_C'
[2020.11.19-15.36.29:455][ 47]LogWorld: Bringing World /Game/TopDownBP/Maps/UEDPIE_0_TopDownExampleMap.TopDownExampleMap up for play (max tick rate 60) at 2020.11.19-10.36.29
[2020.11.19-15.36.29:459][ 47]LogWorld: Bringing up level for play took: 0.008328
[2020.11.19-15.36.29:459][ 47]LogOnline: OSS: Creating online subsystem instance for: :Context_2
[2020.11.19-15.36.29:472][ 47]LogContentBrowser: Native class hierarchy updated for 'MovieSceneCapture' in 0.0004 seconds. Added 20 classes and 0 folders.
[2020.11.19-15.36.29:477][ 47]PIE: Server logged in
[2020.11.19-15.36.29:479][ 47]PIE: Play in editor total start time 0.14 seconds.
[2020.11.19-15.36.35:158][385]LogBlueprintUserMessages: [MyAIController_C_1] Player detected
[2020.11.19-15.36.35:174][386]LogBlueprintUserMessages: [IsPlayerInRange_C_15] inRange
[2020.11.19-15.36.35:624][413]LogBlueprintUserMessages: [IsPlayerInRange_C_15] inRange
[2020.11.19-15.36.36:075][440]LogBlueprintUserMessages: [IsPlayerInRange_C_15] inRange
[2020.11.19-15.36.36:525][467]LogBlueprintUserMessages: [IsPlayerInRange_C_15] inRange
[2020.11.19-15.36.36:975][494]LogBlueprintUserMessages: [IsPlayerInRange_C_15] inRange
[2020.11.19-15.36.37:424][521]LogBlueprintUserMessages: [IsPlayerInRange_C_15] inRange
[2020.11.19-15.36.37:875][548]LogBlueprintUserMessages: [IsPlayerInRange_C_15] inRange
[2020.11.19-15.36.38:325][575]LogBlueprintUserMessages: [IsPlayerInRange_C_15] inRange
[2020.11.19-15.36.38:774][602]LogBlueprintUserMessages: [IsPlayerInRange_C_15] inRange
[2020.11.19-15.36.39:225][629]LogBlueprintUserMessages: [IsPlayerInRange_C_15] inRange
[2020.11.19-15.36.39:674][656]LogBlueprintUserMessages: [IsPlayerInRange_C_15] inRange
[2020.11.19-15.36.40:125][683]LogBlueprintUserMessages: [IsPlayerInRange_C_15] inRange
[2020.11.19-15.36.40:575][710]LogBlueprintUserMessages: [IsPlayerInRange_C_15] inRange
[2020.11.19-15.36.41:025][737]LogBlueprintUserMessages: [IsPlayerInRange_C_15] inRange
[2020.11.19-15.36.41:474][764]LogBlueprintUserMessages: [IsPlayerInRange_C_15] inRange
[2020.11.19-15.36.41:924][791]LogBlueprintUserMessages: [IsPlayerInRange_C_15] inRange
[2020.11.19-15.36.42:388][817]LogSlate: Updating window title bar state: overlay mode, drag disabled, window buttons hidden, title bar hidden
[2020.11.19-15.36.42:388][817]LogWorld: BeginTearingDown for /Game/TopDownBP/Maps/UEDPIE_0_TopDownExampleMap
[2020.11.19-15.36.42:388][817]LogWorld: UWorld::CleanupWorld for TopDownExampleMap, bSessionEnded=true, bCleanupResources=true
[2020.11.19-15.36.42:389][817]LogSlate: InvalidateAllWidgets triggered.  All widgets were invalidated
[2020.11.19-15.36.42:395][817]LogPlayLevel: Display: Shutting down PIE online subsystems
[2020.11.19-15.36.42:397][817]LogSlate: InvalidateAllWidgets triggered.  All widgets were invalidated
[2020.11.19-15.36.42:426][817]LogSlate: Updating window title bar state: overlay mode, drag disabled, window buttons hidden, title bar hidden
[2020.11.19-15.36.42:427][817]LogAISub: UAISubsystem::~UAISubsystem AIPerceptionSystem (000002B6143187C0), frame # 1817
[2020.11.19-15.36.42:427][817]LogAISub: UAISubsystem::~UAISubsystem EnvQueryManager (000002B646096000), frame # 1817
[2020.11.19-15.36.42:428][817]LogUObjectHash: Compacting FUObjectHashTables data took   0.75ms
[2020.11.19-15.36.42:469][818]LogPlayLevel: Display: Destroying online subsystem :Context_2
[2020.11.19-15.36.44:455][933]LogSlate: Took 0.001437 seconds to synchronously load lazily loaded font '../../../Engine/Content/Slate/Fonts/Roboto-Light.ttf' (167K)
[2020.11.19-15.36.44:490][933]LogAssetEditorSubsystem: Opening Asset editor for Blueprint /Game/TopDownBP/Blueprints/MYNPC/MyCharAI.MyCharAI
[2020.11.19-15.36.44:739][933]LogContentBrowser: Native class hierarchy updated for 'BlueprintGraph' in 0.0007 seconds. Added 125 classes and 0 folders.
[2020.11.19-15.36.45:687][933]LogSlate: Took 0.000147 seconds to synchronously load lazily loaded font '../../../Engine/Content/Slate/Fonts/Roboto-BoldCondensed.ttf' (158K)
[2020.11.19-15.36.45:743][934]LogSlate: Took 0.005183 seconds to synchronously load lazily loaded font '../../../Engine/Content/Slate/Fonts/Roboto-Italic.ttf' (157K)
[2020.11.19-15.37.03:354][981]LogRenderer: Reallocating scene render targets to support 940x520 Format 10 NumSamples 1 (Frame:1).
[2020.11.19-15.37.23:850][206]LogAssetEditorSubsystem: Opening Asset editor for Blueprint /Game/TopDownBP/Blueprints/MYNPC/PatrolPath.PatrolPath
[2020.11.19-15.37.36:867][941]LogWorld: UWorld::CleanupWorld for World_1, bSessionEnded=true, bCleanupResources=true
[2020.11.19-15.37.36:867][941]LogSlate: InvalidateAllWidgets triggered.  All widgets were invalidated
[2020.11.19-15.37.39:519][ 84]LogRenderer: Reallocating scene render targets to support 940x524 Format 10 NumSamples 1 (Frame:677).
[2020.11.19-15.37.39:709][ 89]LogSlate: Window 'PatrolPath' being destroyed
[2020.11.19-15.37.41:209][174]LogSlate: Window 'PatrolPath' being destroyed
[2020.11.19-15.37.47:467][541]LogEditorViewport: Clicking on Actor (LMB): obstacle_C (obstacle15)
[2020.11.19-15.37.48:286][588]Cmd: CAMERA ALIGN ACTIVEVIEWPORTONLY
[2020.11.19-15.37.51:127][758]LogEditorViewport: Clicking on Actor (LMB): MyCharAI_C (MyCharAI2)
[2020.11.19-15.37.52:050][809]Cmd: DELETE
[2020.11.19-15.37.52:050][809]Cmd: ACTOR DELETE
[2020.11.19-15.37.52:059][809]LogEditorActor: Deleted Actor: MyCharAI_C
[2020.11.19-15.37.52:090][809]LogUObjectHash: Compacting FUObjectHashTables data took   2.71ms
[2020.11.19-15.37.52:094][809]LogEditorActor: Deleted 1 Actors (0.042 secs)
[2020.11.19-15.46.24:223][612]LogUObjectHash: Compacting FUObjectHashTables data took   2.49ms
[2020.11.19-15.46.24:329][612]LogSavePackage: Moving '../../../../../../Users/patri/Documents/Unreal Project for Jason/Wrath-of-the-Suicider/Wrath_of_Suicider/Saved/TopDownExampleMap_Auto1143FCAF548BAF06A09E060BBE1AE0BF5.tmp' to '../../../../../../Users/patri/Documents/Unreal Project for Jason/Wrath-of-the-Suicider/Wrath_of_Suicider/Saved/Autosaves/Game/TopDownBP/Maps/TopDownExampleMap_Auto1.umap'
[2020.11.19-15.46.24:335][612]LogFileHelpers: Editor autosave (incl. sublevels) for '/Game/TopDownBP/Maps/TopDownExampleMap' took 0.140
[2020.11.19-15.46.24:336][612]LogFileHelpers: Editor autosave (incl. sublevels) for all levels took 0.140
[2020.11.19-15.50.07:834][709]LogAssetEditorSubsystem: Opening Asset editor for WidgetBlueprint /Game/TopDownBP/Maps/StartMenu.StartMenu
[2020.11.19-15.52.30:998][105]LogFactory: FactoryCreateFile: Texture with ReimportTextureFactory (0 0 C:\Users\patri\Documents\Downloads\pixil-frame-0 (6).png)
[2020.11.19-15.52.31:020][105]LogTexture: Display: Building textures: pixil-frame-0__6_ (AutoDXT, 800X256)
[2020.11.19-15.52.42:482][523]LogEditorTransaction: Undo Move Widget
[2020.11.19-15.54.29:849][254]BlueprintLog: New page: Compile StartMenu
[2020.11.19-15.54.29:919][254]LogUObjectHash: Compacting FUObjectHashTables data took   4.93ms
[2020.11.19-15.54.29:951][254]LogSlate: Took 0.000811 seconds to synchronously load lazily loaded font '../../../Engine/Content/Slate/Fonts/DroidSansMono.ttf' (77K)
[2020.11.19-15.54.30:773][301]LogSavePackage: Moving '../../../../../../Users/patri/Documents/Unreal Project for Jason/Wrath-of-the-Suicider/Wrath_of_Suicider/Saved/StartMenuAD5E7EF341A719A9AA6BC09CC12B6E86.tmp' to '../../../../../../Users/patri/Documents/Unreal Project for Jason/Wrath-of-the-Suicider/Wrath_of_Suicider/Content/TopDownBP/Maps/StartMenu.uasset'
[2020.11.19-15.54.30:790][301]AssetCheck: New page: Asset Save: StartMenu
[2020.11.19-15.54.30:790][301]LogContentValidation: Display: Validating WidgetBlueprint /Game/TopDownBP/Maps/StartMenu.StartMenu
[2020.11.19-15.54.35:381][557]LogUObjectHash: Compacting FUObjectHashTables data took   3.84ms
[2020.11.19-15.54.37:711][557]LogSlate: Window 'Delete Assets' being destroyed
[2020.11.19-15.54.39:169][557]LogUObjectGlobals: Force Deleting 1 Package(s):
	Asset Name: /Game/assets/pixil-frame-0__6_.pixil-frame-0__6_
[2020.11.19-15.54.39:916][557]LogUObjectHash: Compacting FUObjectHashTables data took   2.59ms
[2020.11.19-15.54.53:179][621]LogFactory: FactoryCreateFile: Texture with ReimportTextureFactory (0 0 C:\Users\patri\Documents\Downloads\pixil-frame-0 (6).png)
[2020.11.19-15.54.53:182][621]LogTexture: Display: Building textures: pixil-frame-0__6_ (BGRA8, 797X122)
[2020.11.19-15.55.59:168][240]BlueprintLog: New page: Compile StartMenu
[2020.11.19-15.55.59:207][240]LogUObjectHash: Compacting FUObjectHashTables data took   3.51ms
[2020.11.19-15.56.00:051][284]LogSavePackage: Moving '../../../../../../Users/patri/Documents/Unreal Project for Jason/Wrath-of-the-Suicider/Wrath_of_Suicider/Saved/StartMenuAEDA8E794F85A9EEC155F8A2CD08095E.tmp' to '../../../../../../Users/patri/Documents/Unreal Project for Jason/Wrath-of-the-Suicider/Wrath_of_Suicider/Content/TopDownBP/Maps/StartMenu.uasset'
[2020.11.19-15.56.00:068][284]AssetCheck: New page: Asset Save: StartMenu
[2020.11.19-15.56.00:068][284]LogContentValidation: Display: Validating WidgetBlueprint /Game/TopDownBP/Maps/StartMenu.StartMenu
[2020.11.19-15.56.32:004][553]LogUObjectHash: Compacting FUObjectHashTables data took   3.37ms
[2020.11.19-15.56.32:005][553]LogFileHelpers: Editor autosave (incl. sublevels) for '/Game/TopDownBP/Maps/TopDownExampleMap' took 0.036
[2020.11.19-15.56.32:006][553]OBJ SavePackage: Generating thumbnails for [1] asset(s) in package [/Game/assets/pixil-frame-0__6_] ([1] browsable assets)...
[2020.11.19-15.56.32:014][553]OBJ SavePackage:     Rendered thumbnail for [Texture2D /Game/assets/pixil-frame-0__6_.pixil-frame-0__6_]
[2020.11.19-15.56.32:014][553]OBJ SavePackage: Finished generating thumbnails for package [/Game/assets/pixil-frame-0__6_]
[2020.11.19-15.56.32:022][553]LogSavePackage: Moving '../../../../../../Users/patri/Documents/Unreal Project for Jason/Wrath-of-the-Suicider/Wrath_of_Suicider/Saved/pixil-frame-0__6__Auto2FE810E684E65D5417ABAEE8B2037E28B.tmp' to '../../../../../../Users/patri/Documents/Unreal Project for Jason/Wrath-of-the-Suicider/Wrath_of_Suicider/Saved/Autosaves/Game/assets/pixil-frame-0__6__Auto2.uasset'
[2020.11.19-15.56.32:023][553]LogFileHelpers: Auto-saving content packages took 0.017
